[0.979s] Invoking command in '/home/ossfun/study/aoi-turtlebot3_ws/ros2_ws/src/teleop_wiiboard': PYTHONPATH=/home/ossfun/study/aoi-turtlebot3_ws/build/teleop_wiiboard/prefix_override:/home/ossfun/study/aoi-turtlebot3_ws/install/teleop_wiiboard/lib/python3.10/site-packages:${PYTHONPATH} /usr/bin/python3 setup.py egg_info --egg-base ../../../build/teleop_wiiboard build --build-base /home/ossfun/study/aoi-turtlebot3_ws/build/teleop_wiiboard/build install --record /home/ossfun/study/aoi-turtlebot3_ws/build/teleop_wiiboard/install.log --single-version-externally-managed
[1.345s] running egg_info
[1.345s] writing ../../../build/teleop_wiiboard/teleop_wiiboard.egg-info/PKG-INFO
[1.346s] writing dependency_links to ../../../build/teleop_wiiboard/teleop_wiiboard.egg-info/dependency_links.txt
[1.346s] writing entry points to ../../../build/teleop_wiiboard/teleop_wiiboard.egg-info/entry_points.txt
[1.346s] writing requirements to ../../../build/teleop_wiiboard/teleop_wiiboard.egg-info/requires.txt
[1.346s] writing top-level names to ../../../build/teleop_wiiboard/teleop_wiiboard.egg-info/top_level.txt
[1.347s] reading manifest file '../../../build/teleop_wiiboard/teleop_wiiboard.egg-info/SOURCES.txt'
[1.347s] writing manifest file '../../../build/teleop_wiiboard/teleop_wiiboard.egg-info/SOURCES.txt'
[1.348s] running build
[1.348s] running build_py
[1.348s] running install
[1.348s] /usr/lib/python3/dist-packages/setuptools/command/install.py:34: SetuptoolsDeprecationWarning: setup.py install is deprecated. Use build and pip and other standards-based tools.
[1.348s]   warnings.warn(
[1.348s] running install_lib
[1.350s] running install_data
[1.351s] running install_egg_info
[1.353s] removing '/home/ossfun/study/aoi-turtlebot3_ws/install/teleop_wiiboard/lib/python3.10/site-packages/teleop_wiiboard-1.0.0-py3.10.egg-info' (and everything under it)
[1.353s] Copying ../../../build/teleop_wiiboard/teleop_wiiboard.egg-info to /home/ossfun/study/aoi-turtlebot3_ws/install/teleop_wiiboard/lib/python3.10/site-packages/teleop_wiiboard-1.0.0-py3.10.egg-info
[1.354s] running install_scripts
[1.381s] Installing teleop_wiiboard script to /home/ossfun/study/aoi-turtlebot3_ws/install/teleop_wiiboard/lib/teleop_wiiboard
[1.381s] writing list of installed files to '/home/ossfun/study/aoi-turtlebot3_ws/build/teleop_wiiboard/install.log'
[1.402s] Invoked command in '/home/ossfun/study/aoi-turtlebot3_ws/ros2_ws/src/teleop_wiiboard' returned '0': PYTHONPATH=/home/ossfun/study/aoi-turtlebot3_ws/build/teleop_wiiboard/prefix_override:/home/ossfun/study/aoi-turtlebot3_ws/install/teleop_wiiboard/lib/python3.10/site-packages:${PYTHONPATH} /usr/bin/python3 setup.py egg_info --egg-base ../../../build/teleop_wiiboard build --build-base /home/ossfun/study/aoi-turtlebot3_ws/build/teleop_wiiboard/build install --record /home/ossfun/study/aoi-turtlebot3_ws/build/teleop_wiiboard/install.log --single-version-externally-managed
