[0.044s] Invoking command in '/home/ossfun/study/aoi-turtlebot3_ws/ros2_ws/build/turtlebot3_gazebo': CMAKE_PREFIX_PATH=${CMAKE_PREFIX_PATH}:/home/ossfun/turtlebot3_ws/install/turtlebot3_teleop:/home/ossfun/turtlebot3_ws/install/turtlebot3_example:/opt/ros/humble:/home/ossfun/ros2_humble/install/rqt_bag_plugins:/home/ossfun/ros2_humble/install/rqt_bag:/home/ossfun/ros2_humble/install/ros2bag:/home/ossfun/ros2_humble/install/tracetools_test:/home/ossfun/ros2_humble/install/tracetools_launch:/home/ossfun/ros2_humble/install/topic_monitor:/home/ossfun/ros2_humble/install/tf2_tools:/home/ossfun/ros2_humble/install/examples_tf2_py:/home/ossfun/ros2_humble/install/tf2_ros_py:/home/ossfun/ros2_humble/install/sros2:/home/ossfun/ros2_humble/install/rqt_topic:/home/ossfun/ros2_humble/install/rqt_srv:/home/ossfun/ros2_humble/install/rqt_shell:/home/ossfun/ros2_humble/install/rqt_service_caller:/home/ossfun/ros2_humble/install/rqt_reconfigure:/home/ossfun/ros2_humble/install/rqt_py_console:/home/ossfun/ros2_humble/install/rqt_publisher:/home/ossfun/ros2_humble/install/rqt_plot:/home/ossfun/ros2_humble/install/rqt_action:/home/ossfun/ros2_humble/install/rqt_msg:/home/ossfun/ros2_humble/install/rqt_console:/home/ossfun/ros2_humble/install/rqt:/home/ossfun/ros2_humble/install/rqt_graph:/home/ossfun/ros2_humble/install/rqt_gui_py:/home/ossfun/ros2_humble/install/rqt_gui:/home/ossfun/ros2_humble/install/ros2trace:/home/ossfun/ros2_humble/install/ros2topic:/home/ossfun/ros2_humble/install/ros2test:/home/ossfun/ros2_humble/install/ros2component:/home/ossfun/ros2_humble/install/ros2param:/home/ossfun/ros2_humble/install/ros2lifecycle:/home/ossfun/ros2_humble/install/ros2service:/home/ossfun/ros2_humble/install/ros2run:/home/ossfun/ros2_humble/install/ros2launch:/home/ossfun/ros2_humble/install/ros2pkg:/home/ossfun/ros2_humble/install/ros2node:/home/ossfun/ros2_humble/install/ros2multicast:/home/ossfun/ros2_humble/install/ros2interface:/home/ossfun/ros2_humble/install/ros2doctor:/home/ossfun/ros2_humble/install/ros2action:/home/ossfun/ros2_humble/install/ros2cli:/home/ossfun/ros2_humble/install/quality_of_service_demo_py:/home/ossfun/ros2_humble/install/lifecycle_py:/home/ossfun/ros2_humble/install/launch_testing_ros:/home/ossfun/ros2_humble/install/launch_ros:/home/ossfun/ros2_humble/install/examples_rclpy_pointcloud_publisher:/home/ossfun/ros2_humble/install/examples_rclpy_minimal_subscriber:/home/ossfun/ros2_humble/install/examples_rclpy_minimal_service:/home/ossfun/ros2_humble/install/examples_rclpy_minimal_publisher:/home/ossfun/ros2_humble/install/examples_rclpy_minimal_client:/home/ossfun/ros2_humble/install/examples_rclpy_minimal_action_server:/home/ossfun/ros2_humble/install/examples_rclpy_minimal_action_client:/home/ossfun/ros2_humble/install/examples_rclpy_guard_conditions:/home/ossfun/ros2_humble/install/examples_rclpy_executors:/home/ossfun/ros2_humble/install/demo_nodes_py:/home/ossfun/ros2_humble/install/action_tutorials_py:/home/ossfun/ros2_humble/install/ament_uncrustify:/home/ossfun/ros2_humble/install/tracetools_trace:/home/ossfun/ros2_humble/install/tracetools_read:/home/ossfun/ros2_humble/install/test_tracetools_launch:/home/ossfun/ros2_humble/install/test_launch_ros:/home/ossfun/ros2_humble/install/sensor_msgs_py:/home/ossfun/ros2_humble/install/rpyutils:/home/ossfun/ros2_humble/install/rosidl_runtime_py:/home/ossfun/ros2_humble/install/rosidl_cli:/home/ossfun/ros2_humble/install/launch_pytest:/home/ossfun/ros2_humble/install/launch_testing:/home/ossfun/ros2_humble/install/launch_yaml:/home/ossfun/ros2_humble/install/launch_xml:/home/ossfun/ros2_humble/install/launch:/home/ossfun/ros2_humble/install/osrf_pycommon:/home/ossfun/ros2_humble/install/launch_testing_examples:/home/ossfun/ros2_humble/install/domain_coordinator:/home/ossfun/ros2_humble/install/ament_xmllint:/home/ossfun/ros2_humble/install/ament_pyflakes:/home/ossfun/ros2_humble/install/ament_pycodestyle:/home/ossfun/ros2_humble/install/ament_pep257:/home/ossfun/ros2_humble/install/ament_pclint:/home/ossfun/ros2_humble/install/ament_package:/home/ossfun/ros2_humble/install/ament_mypy:/home/ossfun/ros2_humble/install/ament_lint_cmake:/home/ossfun/ros2_humble/install/ament_flake8:/home/ossfun/ros2_humble/install/ament_copyright:/home/ossfun/ros2_humble/install/ament_lint:/home/ossfun/ros2_humble/install/ament_index_python:/home/ossfun/ros2_humble/install/ament_cpplint:/home/ossfun/ros2_humble/install/ament_cppcheck:/home/ossfun/ros2_humble/install/ament_clang_tidy:/home/ossfun/ros2_humble/install/ament_clang_format /usr/bin/cmake /home/ossfun/study/aoi-turtlebot3_ws/ros2_ws/src/turtlebot3_simulations/turtlebot3_gazebo -DAMENT_CMAKE_SYMLINK_INSTALL=1 -DCMAKE_INSTALL_PREFIX=/home/ossfun/study/aoi-turtlebot3_ws/ros2_ws/install/turtlebot3_gazebo
[0.144s] -- The C compiler identification is GNU 11.3.0
[0.211s] -- The CXX compiler identification is GNU 11.3.0
[0.226s] -- Detecting C compiler ABI info
[0.300s] -- Detecting C compiler ABI info - done
[0.305s] -- Check for working C compiler: /usr/bin/cc - skipped
[0.305s] -- Detecting C compile features
[0.306s] -- Detecting C compile features - done
[0.308s] -- Detecting CXX compiler ABI info
[0.388s] -- Detecting CXX compiler ABI info - done
[0.393s] -- Check for working CXX compiler: /usr/bin/c++ - skipped
[0.393s] -- Detecting CXX compile features
[0.394s] -- Detecting CXX compile features - done
[0.412s] -- Found ament_cmake: 1.3.3 (/home/ossfun/ros2_humble/install/ament_cmake/share/ament_cmake/cmake)
[0.865s] -- Found Python3: /usr/bin/python3.10 (found version "3.10.6") found components: Interpreter 
[1.001s] -- Override CMake install command with custom implementation using symlinks instead of copying resources
[1.222s] [33mCMake Warning (dev) at /usr/share/cmake-3.22/Modules/FindPackageHandleStandardArgs.cmake:438 (message):
[1.222s]   The package name passed to `find_package_handle_standard_args` (PkgConfig)
[1.222s]   does not match the name of the calling package (gazebo).  This can lead to
[1.222s]   problems in calling code that expects `find_package` result variables
[1.222s]   (e.g., `_FOUND`) to follow a certain pattern.
[1.222s] Call Stack (most recent call first):
[1.222s]   /usr/share/cmake-3.22/Modules/FindPkgConfig.cmake:99 (find_package_handle_standard_args)
[1.222s]   /usr/lib/x86_64-linux-gnu/cmake/gazebo/gazebo-config.cmake:72 (include)
[1.222s]   CMakeLists.txt:23 (find_package)
[1.222s] This warning is for project developers.  Use -Wno-dev to suppress it.
[1.222s] [0m
[1.222s] -- Found PkgConfig: /usr/bin/pkg-config (found version "0.29.2") 
[1.224s] -- Checking for module 'bullet>=2.82'
[1.258s] --   Found bullet, version 3.05
[1.472s] -- Found fcl: /usr/include (found suitable version "0.7.0", minimum required is "0.5.0") 
[1.550s] -- Found assimp: /usr/include (found version "5.2.0") 
[1.652s] -- Found DART: /usr/include (Required is at least version "6.6") found components: dart 
[1.922s] -- Found Boost: /usr/lib/x86_64-linux-gnu/cmake/Boost-1.74.0/BoostConfig.cmake (found suitable version "1.74.0", minimum required is "1.40.0") found components: thread system filesystem program_options regex iostreams date_time 
[1.956s] -- Found Protobuf: /usr/lib/x86_64-linux-gnu/libprotobuf.so (found version "3.12.4") 
[1.990s] -- Looking for ignition-math6 -- found version 6.12.0
[2.012s] -- Searching for dependencies of ignition-math6
[2.013s] -- Looking for OGRE...
[2.014s] -- OGRE_PREFIX_WATCH changed.
[2.018s] -- Checking for module 'OGRE'
[2.045s] --   Found OGRE, version 1.9.0
[2.087s] -- Found Ogre Ghadamon (1.9.0)
[2.114s] -- Found OGRE: optimized;/usr/lib/x86_64-linux-gnu/libOgreMain.so;debug;/usr/lib/x86_64-linux-gnu/libOgreMain.so
[2.121s] -- Looking for OGRE_Paging...
[2.145s] -- Found OGRE_Paging: optimized;/usr/lib/x86_64-linux-gnu/libOgrePaging.so;debug;/usr/lib/x86_64-linux-gnu/libOgrePaging.so
[2.145s] -- Looking for OGRE_Terrain...
[2.168s] -- Found OGRE_Terrain: optimized;/usr/lib/x86_64-linux-gnu/libOgreTerrain.so;debug;/usr/lib/x86_64-linux-gnu/libOgreTerrain.so
[2.168s] -- Looking for OGRE_Property...
[2.190s] -- Found OGRE_Property: optimized;/usr/lib/x86_64-linux-gnu/libOgreProperty.so;debug;/usr/lib/x86_64-linux-gnu/libOgreProperty.so
[2.190s] -- Looking for OGRE_RTShaderSystem...
[2.213s] -- Found OGRE_RTShaderSystem: optimized;/usr/lib/x86_64-linux-gnu/libOgreRTShaderSystem.so;debug;/usr/lib/x86_64-linux-gnu/libOgreRTShaderSystem.so
[2.213s] -- Looking for OGRE_Volume...
[2.236s] -- Found OGRE_Volume: optimized;/usr/lib/x86_64-linux-gnu/libOgreVolume.so;debug;/usr/lib/x86_64-linux-gnu/libOgreVolume.so
[2.236s] -- Looking for OGRE_Overlay...
[2.258s] -- Found OGRE_Overlay: optimized;/usr/lib/x86_64-linux-gnu/libOgreOverlay.so;debug;/usr/lib/x86_64-linux-gnu/libOgreOverlay.so
[2.867s] -- Looking for ignition-math6 -- found version 6.12.0
[2.885s] -- Looking for ignition-transport8 -- found version 8.2.1
[2.885s] -- Searching for dependencies of ignition-transport8
[2.915s] -- Found Protobuf: /usr/lib/x86_64-linux-gnu/libprotobuf.so (found suitable version "3.12.4", minimum required is "3") 
[2.938s] -- Config-file not installed for ZeroMQ -- checking for pkg-config
[2.943s] -- Checking for module 'libzmq >= 4'
[2.973s] --   Found libzmq , version 4.3.4
[3.017s] -- Found ZeroMQ: TRUE (Required is at least version "4") 
[3.027s] -- Checking for module 'uuid'
[3.055s] --   Found uuid, version 2.37.2
[3.094s] -- Found UUID: TRUE  
[3.112s] -- Looking for ignition-msgs5 -- found version 5.8.1
[3.113s] -- Searching for dependencies of ignition-msgs5
[3.142s] -- Looking for ignition-math6 -- found version 6.12.0
[3.147s] -- Checking for module 'tinyxml2'
[3.176s] --   Found tinyxml2, version 9.0.0
[3.215s] -- Looking for ignition-msgs5 -- found version 5.8.1
[3.234s] -- Looking for ignition-common3 -- found version 3.14.0
[3.234s] -- Searching for dependencies of ignition-common3
[3.237s] -- Looking for dlfcn.h - found
[3.240s] -- Looking for libdl - found
[3.241s] -- Found DL: TRUE  
[3.272s] -- Found tinyobjloader: /usr/lib/x86_64-linux-gnu/cmake/tinyobjloader/tinyobjloader-config.cmake (found version "2.0.0") 
[3.272s] -- Searching for <ignition-common3> component [graphics]
[3.290s] -- Looking for ignition-common3-graphics -- found version 3.14.0
[3.290s] -- Searching for dependencies of ignition-common3-graphics
[3.290s] -- Looking for ignition-math6 -- found version 6.12.0
[3.309s] -- Looking for ignition-fuel_tools4 -- found version 4.4.0
[3.309s] -- Searching for dependencies of ignition-fuel_tools4
[3.442s] -- Found CURL: /usr/lib/x86_64-linux-gnu/libcurl.so (found version "7.81.0")  
[3.466s] -- Checking for module 'jsoncpp'
[3.495s] --   Found jsoncpp, version 1.9.5
[3.535s] -- Found JSONCPP: TRUE  
[3.551s] -- Checking for module 'libzip'
[3.580s] --   Found libzip, version 1.7.3
[3.621s] -- Found ZIP: TRUE  
[3.621s] -- Looking for ignition-common3 -- found version 3.14.0
[3.621s] -- Looking for ignition-math6 -- found version 6.12.0
[3.621s] -- Looking for ignition-msgs5 -- found version 5.8.1
[3.654s] -- Found gazebo_ros_pkgs: 3.7.0 (/opt/ros/humble/share/gazebo_ros_pkgs/cmake)
[3.661s] -- Found geometry_msgs: 4.2.3 (/home/ossfun/ros2_humble/install/geometry_msgs/share/geometry_msgs/cmake)
[3.765s] -- Found rosidl_generator_c: 3.1.4 (/home/ossfun/ros2_humble/install/rosidl_generator_c/share/rosidl_generator_c/cmake)
[3.784s] -- Found rosidl_adapter: 3.1.4 (/home/ossfun/ros2_humble/install/rosidl_adapter/share/rosidl_adapter/cmake)
[3.804s] -- Found rosidl_generator_cpp: 3.1.4 (/home/ossfun/ros2_humble/install/rosidl_generator_cpp/share/rosidl_generator_cpp/cmake)
[3.850s] -- Using all available rosidl_typesupport_c: rosidl_typesupport_fastrtps_c;rosidl_typesupport_introspection_c
[3.907s] -- Using all available rosidl_typesupport_cpp: rosidl_typesupport_fastrtps_cpp;rosidl_typesupport_introspection_cpp
[4.032s] -- Found nav_msgs: 4.2.3 (/home/ossfun/ros2_humble/install/nav_msgs/share/nav_msgs/cmake)
[4.095s] -- Found rclcpp: 16.0.3 (/home/ossfun/ros2_humble/install/rclcpp/share/rclcpp/cmake)
[4.203s] -- Found rmw_implementation_cmake: 6.1.1 (/home/ossfun/ros2_humble/install/rmw_implementation_cmake/share/rmw_implementation_cmake/cmake)
[4.230s] -- Found rmw_fastrtps_cpp: 6.2.2 (/home/ossfun/ros2_humble/install/rmw_fastrtps_cpp/share/rmw_fastrtps_cpp/cmake)
[4.404s] -- Found OpenSSL: /usr/lib/x86_64-linux-gnu/libcrypto.so (found version "3.0.2")  
[4.449s] -- Found FastRTPS: /home/ossfun/ros2_humble/install/fastrtps/include  
[4.541s] -- Using RMW implementation 'rmw_fastrtps_cpp' as default
[4.576s] -- Found Threads: TRUE  
[4.701s] -- Found sensor_msgs: 4.2.3 (/home/ossfun/ros2_humble/install/sensor_msgs/share/sensor_msgs/cmake)
[4.765s] -- Found tf2: 0.25.2 (/home/ossfun/ros2_humble/install/tf2/share/tf2/cmake)
[4.965s] -- Configuring done
[5.008s] -- Generating done
[5.009s] -- Build files have been written to: /home/ossfun/study/aoi-turtlebot3_ws/ros2_ws/build/turtlebot3_gazebo
[5.022s] Invoked command in '/home/ossfun/study/aoi-turtlebot3_ws/ros2_ws/build/turtlebot3_gazebo' returned '0': CMAKE_PREFIX_PATH=${CMAKE_PREFIX_PATH}:/home/ossfun/turtlebot3_ws/install/turtlebot3_teleop:/home/ossfun/turtlebot3_ws/install/turtlebot3_example:/opt/ros/humble:/home/ossfun/ros2_humble/install/rqt_bag_plugins:/home/ossfun/ros2_humble/install/rqt_bag:/home/ossfun/ros2_humble/install/ros2bag:/home/ossfun/ros2_humble/install/tracetools_test:/home/ossfun/ros2_humble/install/tracetools_launch:/home/ossfun/ros2_humble/install/topic_monitor:/home/ossfun/ros2_humble/install/tf2_tools:/home/ossfun/ros2_humble/install/examples_tf2_py:/home/ossfun/ros2_humble/install/tf2_ros_py:/home/ossfun/ros2_humble/install/sros2:/home/ossfun/ros2_humble/install/rqt_topic:/home/ossfun/ros2_humble/install/rqt_srv:/home/ossfun/ros2_humble/install/rqt_shell:/home/ossfun/ros2_humble/install/rqt_service_caller:/home/ossfun/ros2_humble/install/rqt_reconfigure:/home/ossfun/ros2_humble/install/rqt_py_console:/home/ossfun/ros2_humble/install/rqt_publisher:/home/ossfun/ros2_humble/install/rqt_plot:/home/ossfun/ros2_humble/install/rqt_action:/home/ossfun/ros2_humble/install/rqt_msg:/home/ossfun/ros2_humble/install/rqt_console:/home/ossfun/ros2_humble/install/rqt:/home/ossfun/ros2_humble/install/rqt_graph:/home/ossfun/ros2_humble/install/rqt_gui_py:/home/ossfun/ros2_humble/install/rqt_gui:/home/ossfun/ros2_humble/install/ros2trace:/home/ossfun/ros2_humble/install/ros2topic:/home/ossfun/ros2_humble/install/ros2test:/home/ossfun/ros2_humble/install/ros2component:/home/ossfun/ros2_humble/install/ros2param:/home/ossfun/ros2_humble/install/ros2lifecycle:/home/ossfun/ros2_humble/install/ros2service:/home/ossfun/ros2_humble/install/ros2run:/home/ossfun/ros2_humble/install/ros2launch:/home/ossfun/ros2_humble/install/ros2pkg:/home/ossfun/ros2_humble/install/ros2node:/home/ossfun/ros2_humble/install/ros2multicast:/home/ossfun/ros2_humble/install/ros2interface:/home/ossfun/ros2_humble/install/ros2doctor:/home/ossfun/ros2_humble/install/ros2action:/home/ossfun/ros2_humble/install/ros2cli:/home/ossfun/ros2_humble/install/quality_of_service_demo_py:/home/ossfun/ros2_humble/install/lifecycle_py:/home/ossfun/ros2_humble/install/launch_testing_ros:/home/ossfun/ros2_humble/install/launch_ros:/home/ossfun/ros2_humble/install/examples_rclpy_pointcloud_publisher:/home/ossfun/ros2_humble/install/examples_rclpy_minimal_subscriber:/home/ossfun/ros2_humble/install/examples_rclpy_minimal_service:/home/ossfun/ros2_humble/install/examples_rclpy_minimal_publisher:/home/ossfun/ros2_humble/install/examples_rclpy_minimal_client:/home/ossfun/ros2_humble/install/examples_rclpy_minimal_action_server:/home/ossfun/ros2_humble/install/examples_rclpy_minimal_action_client:/home/ossfun/ros2_humble/install/examples_rclpy_guard_conditions:/home/ossfun/ros2_humble/install/examples_rclpy_executors:/home/ossfun/ros2_humble/install/demo_nodes_py:/home/ossfun/ros2_humble/install/action_tutorials_py:/home/ossfun/ros2_humble/install/ament_uncrustify:/home/ossfun/ros2_humble/install/tracetools_trace:/home/ossfun/ros2_humble/install/tracetools_read:/home/ossfun/ros2_humble/install/test_tracetools_launch:/home/ossfun/ros2_humble/install/test_launch_ros:/home/ossfun/ros2_humble/install/sensor_msgs_py:/home/ossfun/ros2_humble/install/rpyutils:/home/ossfun/ros2_humble/install/rosidl_runtime_py:/home/ossfun/ros2_humble/install/rosidl_cli:/home/ossfun/ros2_humble/install/launch_pytest:/home/ossfun/ros2_humble/install/launch_testing:/home/ossfun/ros2_humble/install/launch_yaml:/home/ossfun/ros2_humble/install/launch_xml:/home/ossfun/ros2_humble/install/launch:/home/ossfun/ros2_humble/install/osrf_pycommon:/home/ossfun/ros2_humble/install/launch_testing_examples:/home/ossfun/ros2_humble/install/domain_coordinator:/home/ossfun/ros2_humble/install/ament_xmllint:/home/ossfun/ros2_humble/install/ament_pyflakes:/home/ossfun/ros2_humble/install/ament_pycodestyle:/home/ossfun/ros2_humble/install/ament_pep257:/home/ossfun/ros2_humble/install/ament_pclint:/home/ossfun/ros2_humble/install/ament_package:/home/ossfun/ros2_humble/install/ament_mypy:/home/ossfun/ros2_humble/install/ament_lint_cmake:/home/ossfun/ros2_humble/install/ament_flake8:/home/ossfun/ros2_humble/install/ament_copyright:/home/ossfun/ros2_humble/install/ament_lint:/home/ossfun/ros2_humble/install/ament_index_python:/home/ossfun/ros2_humble/install/ament_cpplint:/home/ossfun/ros2_humble/install/ament_cppcheck:/home/ossfun/ros2_humble/install/ament_clang_tidy:/home/ossfun/ros2_humble/install/ament_clang_format /usr/bin/cmake /home/ossfun/study/aoi-turtlebot3_ws/ros2_ws/src/turtlebot3_simulations/turtlebot3_gazebo -DAMENT_CMAKE_SYMLINK_INSTALL=1 -DCMAKE_INSTALL_PREFIX=/home/ossfun/study/aoi-turtlebot3_ws/ros2_ws/install/turtlebot3_gazebo
[5.023s] Invoking command in '/home/ossfun/study/aoi-turtlebot3_ws/ros2_ws/build/turtlebot3_gazebo': CMAKE_PREFIX_PATH=${CMAKE_PREFIX_PATH}:/home/ossfun/turtlebot3_ws/install/turtlebot3_teleop:/home/ossfun/turtlebot3_ws/install/turtlebot3_example:/opt/ros/humble:/home/ossfun/ros2_humble/install/rqt_bag_plugins:/home/ossfun/ros2_humble/install/rqt_bag:/home/ossfun/ros2_humble/install/ros2bag:/home/ossfun/ros2_humble/install/tracetools_test:/home/ossfun/ros2_humble/install/tracetools_launch:/home/ossfun/ros2_humble/install/topic_monitor:/home/ossfun/ros2_humble/install/tf2_tools:/home/ossfun/ros2_humble/install/examples_tf2_py:/home/ossfun/ros2_humble/install/tf2_ros_py:/home/ossfun/ros2_humble/install/sros2:/home/ossfun/ros2_humble/install/rqt_topic:/home/ossfun/ros2_humble/install/rqt_srv:/home/ossfun/ros2_humble/install/rqt_shell:/home/ossfun/ros2_humble/install/rqt_service_caller:/home/ossfun/ros2_humble/install/rqt_reconfigure:/home/ossfun/ros2_humble/install/rqt_py_console:/home/ossfun/ros2_humble/install/rqt_publisher:/home/ossfun/ros2_humble/install/rqt_plot:/home/ossfun/ros2_humble/install/rqt_action:/home/ossfun/ros2_humble/install/rqt_msg:/home/ossfun/ros2_humble/install/rqt_console:/home/ossfun/ros2_humble/install/rqt:/home/ossfun/ros2_humble/install/rqt_graph:/home/ossfun/ros2_humble/install/rqt_gui_py:/home/ossfun/ros2_humble/install/rqt_gui:/home/ossfun/ros2_humble/install/ros2trace:/home/ossfun/ros2_humble/install/ros2topic:/home/ossfun/ros2_humble/install/ros2test:/home/ossfun/ros2_humble/install/ros2component:/home/ossfun/ros2_humble/install/ros2param:/home/ossfun/ros2_humble/install/ros2lifecycle:/home/ossfun/ros2_humble/install/ros2service:/home/ossfun/ros2_humble/install/ros2run:/home/ossfun/ros2_humble/install/ros2launch:/home/ossfun/ros2_humble/install/ros2pkg:/home/ossfun/ros2_humble/install/ros2node:/home/ossfun/ros2_humble/install/ros2multicast:/home/ossfun/ros2_humble/install/ros2interface:/home/ossfun/ros2_humble/install/ros2doctor:/home/ossfun/ros2_humble/install/ros2action:/home/ossfun/ros2_humble/install/ros2cli:/home/ossfun/ros2_humble/install/quality_of_service_demo_py:/home/ossfun/ros2_humble/install/lifecycle_py:/home/ossfun/ros2_humble/install/launch_testing_ros:/home/ossfun/ros2_humble/install/launch_ros:/home/ossfun/ros2_humble/install/examples_rclpy_pointcloud_publisher:/home/ossfun/ros2_humble/install/examples_rclpy_minimal_subscriber:/home/ossfun/ros2_humble/install/examples_rclpy_minimal_service:/home/ossfun/ros2_humble/install/examples_rclpy_minimal_publisher:/home/ossfun/ros2_humble/install/examples_rclpy_minimal_client:/home/ossfun/ros2_humble/install/examples_rclpy_minimal_action_server:/home/ossfun/ros2_humble/install/examples_rclpy_minimal_action_client:/home/ossfun/ros2_humble/install/examples_rclpy_guard_conditions:/home/ossfun/ros2_humble/install/examples_rclpy_executors:/home/ossfun/ros2_humble/install/demo_nodes_py:/home/ossfun/ros2_humble/install/action_tutorials_py:/home/ossfun/ros2_humble/install/ament_uncrustify:/home/ossfun/ros2_humble/install/tracetools_trace:/home/ossfun/ros2_humble/install/tracetools_read:/home/ossfun/ros2_humble/install/test_tracetools_launch:/home/ossfun/ros2_humble/install/test_launch_ros:/home/ossfun/ros2_humble/install/sensor_msgs_py:/home/ossfun/ros2_humble/install/rpyutils:/home/ossfun/ros2_humble/install/rosidl_runtime_py:/home/ossfun/ros2_humble/install/rosidl_cli:/home/ossfun/ros2_humble/install/launch_pytest:/home/ossfun/ros2_humble/install/launch_testing:/home/ossfun/ros2_humble/install/launch_yaml:/home/ossfun/ros2_humble/install/launch_xml:/home/ossfun/ros2_humble/install/launch:/home/ossfun/ros2_humble/install/osrf_pycommon:/home/ossfun/ros2_humble/install/launch_testing_examples:/home/ossfun/ros2_humble/install/domain_coordinator:/home/ossfun/ros2_humble/install/ament_xmllint:/home/ossfun/ros2_humble/install/ament_pyflakes:/home/ossfun/ros2_humble/install/ament_pycodestyle:/home/ossfun/ros2_humble/install/ament_pep257:/home/ossfun/ros2_humble/install/ament_pclint:/home/ossfun/ros2_humble/install/ament_package:/home/ossfun/ros2_humble/install/ament_mypy:/home/ossfun/ros2_humble/install/ament_lint_cmake:/home/ossfun/ros2_humble/install/ament_flake8:/home/ossfun/ros2_humble/install/ament_copyright:/home/ossfun/ros2_humble/install/ament_lint:/home/ossfun/ros2_humble/install/ament_index_python:/home/ossfun/ros2_humble/install/ament_cpplint:/home/ossfun/ros2_humble/install/ament_cppcheck:/home/ossfun/ros2_humble/install/ament_clang_tidy:/home/ossfun/ros2_humble/install/ament_clang_format /usr/bin/cmake --build /home/ossfun/study/aoi-turtlebot3_ws/ros2_ws/build/turtlebot3_gazebo -- -j16 -l16
[5.094s] [ 50%] [32mBuilding CXX object CMakeFiles/obstacle1.dir/models/turtlebot3_dqn_world/obstacle_plugin/obstacle1.cc.o[0m
[5.094s] [ 50%] [32mBuilding CXX object CMakeFiles/turtlebot3_drive.dir/src/turtlebot3_drive.cpp.o[0m
[5.094s] [ 50%] [32mBuilding CXX object CMakeFiles/obstacles.dir/models/turtlebot3_dqn_world/obstacle_plugin/obstacles.cc.o[0m
[5.094s] [ 50%] [32mBuilding CXX object CMakeFiles/obstacle2.dir/models/turtlebot3_dqn_world/obstacle_plugin/obstacle2.cc.o[0m
[13.884s] [ 62%] [32m[1mLinking CXX shared library libobstacle2.so[0m
[14.041s] [ 75%] [32m[1mLinking CXX shared library libobstacle1.so[0m
[14.050s] [ 87%] [32m[1mLinking CXX shared library libobstacles.so[0m
[14.112s] [ 87%] Built target obstacle2
[14.227s] [ 87%] Built target obstacle1
[14.228s] [ 87%] Built target obstacles
[14.409s] [100%] [32m[1mLinking CXX executable turtlebot3_drive[0m
[15.054s] [100%] Built target turtlebot3_drive
[15.067s] Invoked command in '/home/ossfun/study/aoi-turtlebot3_ws/ros2_ws/build/turtlebot3_gazebo' returned '0': CMAKE_PREFIX_PATH=${CMAKE_PREFIX_PATH}:/home/ossfun/turtlebot3_ws/install/turtlebot3_teleop:/home/ossfun/turtlebot3_ws/install/turtlebot3_example:/opt/ros/humble:/home/ossfun/ros2_humble/install/rqt_bag_plugins:/home/ossfun/ros2_humble/install/rqt_bag:/home/ossfun/ros2_humble/install/ros2bag:/home/ossfun/ros2_humble/install/tracetools_test:/home/ossfun/ros2_humble/install/tracetools_launch:/home/ossfun/ros2_humble/install/topic_monitor:/home/ossfun/ros2_humble/install/tf2_tools:/home/ossfun/ros2_humble/install/examples_tf2_py:/home/ossfun/ros2_humble/install/tf2_ros_py:/home/ossfun/ros2_humble/install/sros2:/home/ossfun/ros2_humble/install/rqt_topic:/home/ossfun/ros2_humble/install/rqt_srv:/home/ossfun/ros2_humble/install/rqt_shell:/home/ossfun/ros2_humble/install/rqt_service_caller:/home/ossfun/ros2_humble/install/rqt_reconfigure:/home/ossfun/ros2_humble/install/rqt_py_console:/home/ossfun/ros2_humble/install/rqt_publisher:/home/ossfun/ros2_humble/install/rqt_plot:/home/ossfun/ros2_humble/install/rqt_action:/home/ossfun/ros2_humble/install/rqt_msg:/home/ossfun/ros2_humble/install/rqt_console:/home/ossfun/ros2_humble/install/rqt:/home/ossfun/ros2_humble/install/rqt_graph:/home/ossfun/ros2_humble/install/rqt_gui_py:/home/ossfun/ros2_humble/install/rqt_gui:/home/ossfun/ros2_humble/install/ros2trace:/home/ossfun/ros2_humble/install/ros2topic:/home/ossfun/ros2_humble/install/ros2test:/home/ossfun/ros2_humble/install/ros2component:/home/ossfun/ros2_humble/install/ros2param:/home/ossfun/ros2_humble/install/ros2lifecycle:/home/ossfun/ros2_humble/install/ros2service:/home/ossfun/ros2_humble/install/ros2run:/home/ossfun/ros2_humble/install/ros2launch:/home/ossfun/ros2_humble/install/ros2pkg:/home/ossfun/ros2_humble/install/ros2node:/home/ossfun/ros2_humble/install/ros2multicast:/home/ossfun/ros2_humble/install/ros2interface:/home/ossfun/ros2_humble/install/ros2doctor:/home/ossfun/ros2_humble/install/ros2action:/home/ossfun/ros2_humble/install/ros2cli:/home/ossfun/ros2_humble/install/quality_of_service_demo_py:/home/ossfun/ros2_humble/install/lifecycle_py:/home/ossfun/ros2_humble/install/launch_testing_ros:/home/ossfun/ros2_humble/install/launch_ros:/home/ossfun/ros2_humble/install/examples_rclpy_pointcloud_publisher:/home/ossfun/ros2_humble/install/examples_rclpy_minimal_subscriber:/home/ossfun/ros2_humble/install/examples_rclpy_minimal_service:/home/ossfun/ros2_humble/install/examples_rclpy_minimal_publisher:/home/ossfun/ros2_humble/install/examples_rclpy_minimal_client:/home/ossfun/ros2_humble/install/examples_rclpy_minimal_action_server:/home/ossfun/ros2_humble/install/examples_rclpy_minimal_action_client:/home/ossfun/ros2_humble/install/examples_rclpy_guard_conditions:/home/ossfun/ros2_humble/install/examples_rclpy_executors:/home/ossfun/ros2_humble/install/demo_nodes_py:/home/ossfun/ros2_humble/install/action_tutorials_py:/home/ossfun/ros2_humble/install/ament_uncrustify:/home/ossfun/ros2_humble/install/tracetools_trace:/home/ossfun/ros2_humble/install/tracetools_read:/home/ossfun/ros2_humble/install/test_tracetools_launch:/home/ossfun/ros2_humble/install/test_launch_ros:/home/ossfun/ros2_humble/install/sensor_msgs_py:/home/ossfun/ros2_humble/install/rpyutils:/home/ossfun/ros2_humble/install/rosidl_runtime_py:/home/ossfun/ros2_humble/install/rosidl_cli:/home/ossfun/ros2_humble/install/launch_pytest:/home/ossfun/ros2_humble/install/launch_testing:/home/ossfun/ros2_humble/install/launch_yaml:/home/ossfun/ros2_humble/install/launch_xml:/home/ossfun/ros2_humble/install/launch:/home/ossfun/ros2_humble/install/osrf_pycommon:/home/ossfun/ros2_humble/install/launch_testing_examples:/home/ossfun/ros2_humble/install/domain_coordinator:/home/ossfun/ros2_humble/install/ament_xmllint:/home/ossfun/ros2_humble/install/ament_pyflakes:/home/ossfun/ros2_humble/install/ament_pycodestyle:/home/ossfun/ros2_humble/install/ament_pep257:/home/ossfun/ros2_humble/install/ament_pclint:/home/ossfun/ros2_humble/install/ament_package:/home/ossfun/ros2_humble/install/ament_mypy:/home/ossfun/ros2_humble/install/ament_lint_cmake:/home/ossfun/ros2_humble/install/ament_flake8:/home/ossfun/ros2_humble/install/ament_copyright:/home/ossfun/ros2_humble/install/ament_lint:/home/ossfun/ros2_humble/install/ament_index_python:/home/ossfun/ros2_humble/install/ament_cpplint:/home/ossfun/ros2_humble/install/ament_cppcheck:/home/ossfun/ros2_humble/install/ament_clang_tidy:/home/ossfun/ros2_humble/install/ament_clang_format /usr/bin/cmake --build /home/ossfun/study/aoi-turtlebot3_ws/ros2_ws/build/turtlebot3_gazebo -- -j16 -l16
[15.132s] Invoking command in '/home/ossfun/study/aoi-turtlebot3_ws/ros2_ws/build/turtlebot3_gazebo': CMAKE_PREFIX_PATH=${CMAKE_PREFIX_PATH}:/home/ossfun/turtlebot3_ws/install/turtlebot3_teleop:/home/ossfun/turtlebot3_ws/install/turtlebot3_example:/opt/ros/humble:/home/ossfun/ros2_humble/install/rqt_bag_plugins:/home/ossfun/ros2_humble/install/rqt_bag:/home/ossfun/ros2_humble/install/ros2bag:/home/ossfun/ros2_humble/install/tracetools_test:/home/ossfun/ros2_humble/install/tracetools_launch:/home/ossfun/ros2_humble/install/topic_monitor:/home/ossfun/ros2_humble/install/tf2_tools:/home/ossfun/ros2_humble/install/examples_tf2_py:/home/ossfun/ros2_humble/install/tf2_ros_py:/home/ossfun/ros2_humble/install/sros2:/home/ossfun/ros2_humble/install/rqt_topic:/home/ossfun/ros2_humble/install/rqt_srv:/home/ossfun/ros2_humble/install/rqt_shell:/home/ossfun/ros2_humble/install/rqt_service_caller:/home/ossfun/ros2_humble/install/rqt_reconfigure:/home/ossfun/ros2_humble/install/rqt_py_console:/home/ossfun/ros2_humble/install/rqt_publisher:/home/ossfun/ros2_humble/install/rqt_plot:/home/ossfun/ros2_humble/install/rqt_action:/home/ossfun/ros2_humble/install/rqt_msg:/home/ossfun/ros2_humble/install/rqt_console:/home/ossfun/ros2_humble/install/rqt:/home/ossfun/ros2_humble/install/rqt_graph:/home/ossfun/ros2_humble/install/rqt_gui_py:/home/ossfun/ros2_humble/install/rqt_gui:/home/ossfun/ros2_humble/install/ros2trace:/home/ossfun/ros2_humble/install/ros2topic:/home/ossfun/ros2_humble/install/ros2test:/home/ossfun/ros2_humble/install/ros2component:/home/ossfun/ros2_humble/install/ros2param:/home/ossfun/ros2_humble/install/ros2lifecycle:/home/ossfun/ros2_humble/install/ros2service:/home/ossfun/ros2_humble/install/ros2run:/home/ossfun/ros2_humble/install/ros2launch:/home/ossfun/ros2_humble/install/ros2pkg:/home/ossfun/ros2_humble/install/ros2node:/home/ossfun/ros2_humble/install/ros2multicast:/home/ossfun/ros2_humble/install/ros2interface:/home/ossfun/ros2_humble/install/ros2doctor:/home/ossfun/ros2_humble/install/ros2action:/home/ossfun/ros2_humble/install/ros2cli:/home/ossfun/ros2_humble/install/quality_of_service_demo_py:/home/ossfun/ros2_humble/install/lifecycle_py:/home/ossfun/ros2_humble/install/launch_testing_ros:/home/ossfun/ros2_humble/install/launch_ros:/home/ossfun/ros2_humble/install/examples_rclpy_pointcloud_publisher:/home/ossfun/ros2_humble/install/examples_rclpy_minimal_subscriber:/home/ossfun/ros2_humble/install/examples_rclpy_minimal_service:/home/ossfun/ros2_humble/install/examples_rclpy_minimal_publisher:/home/ossfun/ros2_humble/install/examples_rclpy_minimal_client:/home/ossfun/ros2_humble/install/examples_rclpy_minimal_action_server:/home/ossfun/ros2_humble/install/examples_rclpy_minimal_action_client:/home/ossfun/ros2_humble/install/examples_rclpy_guard_conditions:/home/ossfun/ros2_humble/install/examples_rclpy_executors:/home/ossfun/ros2_humble/install/demo_nodes_py:/home/ossfun/ros2_humble/install/action_tutorials_py:/home/ossfun/ros2_humble/install/ament_uncrustify:/home/ossfun/ros2_humble/install/tracetools_trace:/home/ossfun/ros2_humble/install/tracetools_read:/home/ossfun/ros2_humble/install/test_tracetools_launch:/home/ossfun/ros2_humble/install/test_launch_ros:/home/ossfun/ros2_humble/install/sensor_msgs_py:/home/ossfun/ros2_humble/install/rpyutils:/home/ossfun/ros2_humble/install/rosidl_runtime_py:/home/ossfun/ros2_humble/install/rosidl_cli:/home/ossfun/ros2_humble/install/launch_pytest:/home/ossfun/ros2_humble/install/launch_testing:/home/ossfun/ros2_humble/install/launch_yaml:/home/ossfun/ros2_humble/install/launch_xml:/home/ossfun/ros2_humble/install/launch:/home/ossfun/ros2_humble/install/osrf_pycommon:/home/ossfun/ros2_humble/install/launch_testing_examples:/home/ossfun/ros2_humble/install/domain_coordinator:/home/ossfun/ros2_humble/install/ament_xmllint:/home/ossfun/ros2_humble/install/ament_pyflakes:/home/ossfun/ros2_humble/install/ament_pycodestyle:/home/ossfun/ros2_humble/install/ament_pep257:/home/ossfun/ros2_humble/install/ament_pclint:/home/ossfun/ros2_humble/install/ament_package:/home/ossfun/ros2_humble/install/ament_mypy:/home/ossfun/ros2_humble/install/ament_lint_cmake:/home/ossfun/ros2_humble/install/ament_flake8:/home/ossfun/ros2_humble/install/ament_copyright:/home/ossfun/ros2_humble/install/ament_lint:/home/ossfun/ros2_humble/install/ament_index_python:/home/ossfun/ros2_humble/install/ament_cpplint:/home/ossfun/ros2_humble/install/ament_cppcheck:/home/ossfun/ros2_humble/install/ament_clang_tidy:/home/ossfun/ros2_humble/install/ament_clang_format /usr/bin/cmake --install /home/ossfun/study/aoi-turtlebot3_ws/ros2_ws/build/turtlebot3_gazebo
[15.141s] -- Install configuration: ""
[15.141s] -- Execute custom install script
[15.142s] -- Symlinking: /home/ossfun/study/aoi-turtlebot3_ws/ros2_ws/install/turtlebot3_gazebo/lib/turtlebot3_gazebo/turtlebot3_drive
[15.152s] -- Symlinking: /home/ossfun/study/aoi-turtlebot3_ws/ros2_ws/install/turtlebot3_gazebo/share/turtlebot3_gazebo//launch/empty_world.launch.py
[15.163s] -- Symlinking: /home/ossfun/study/aoi-turtlebot3_ws/ros2_ws/install/turtlebot3_gazebo/share/turtlebot3_gazebo//launch/robot_state_publisher.launch.py
[15.172s] -- Symlinking: /home/ossfun/study/aoi-turtlebot3_ws/ros2_ws/install/turtlebot3_gazebo/share/turtlebot3_gazebo//launch/spawn_turtlebot3.launch.py
[15.182s] -- Symlinking: /home/ossfun/study/aoi-turtlebot3_ws/ros2_ws/install/turtlebot3_gazebo/share/turtlebot3_gazebo//launch/turtlebot3_dqn_stage1.launch.py
[15.191s] -- Symlinking: /home/ossfun/study/aoi-turtlebot3_ws/ros2_ws/install/turtlebot3_gazebo/share/turtlebot3_gazebo//launch/turtlebot3_dqn_stage2.launch.py
[15.201s] -- Symlinking: /home/ossfun/study/aoi-turtlebot3_ws/ros2_ws/install/turtlebot3_gazebo/share/turtlebot3_gazebo//launch/turtlebot3_dqn_stage3.launch.py
[15.211s] -- Symlinking: /home/ossfun/study/aoi-turtlebot3_ws/ros2_ws/install/turtlebot3_gazebo/share/turtlebot3_gazebo//launch/turtlebot3_dqn_stage4.launch.py
[15.220s] -- Symlinking: /home/ossfun/study/aoi-turtlebot3_ws/ros2_ws/install/turtlebot3_gazebo/share/turtlebot3_gazebo//launch/turtlebot3_house.launch.py
[15.230s] -- Symlinking: /home/ossfun/study/aoi-turtlebot3_ws/ros2_ws/install/turtlebot3_gazebo/share/turtlebot3_gazebo//launch/turtlebot3_world.launch.py
[15.243s] -- Symlinking: /home/ossfun/study/aoi-turtlebot3_ws/ros2_ws/install/turtlebot3_gazebo/share/turtlebot3_gazebo//models/turtlebot3_burger/model-1_4.sdf
[15.252s] -- Symlinking: /home/ossfun/study/aoi-turtlebot3_ws/ros2_ws/install/turtlebot3_gazebo/share/turtlebot3_gazebo//models/turtlebot3_burger/model.config
[15.262s] -- Symlinking: /home/ossfun/study/aoi-turtlebot3_ws/ros2_ws/install/turtlebot3_gazebo/share/turtlebot3_gazebo//models/turtlebot3_burger/model.sdf
[15.272s] -- Symlinking: /home/ossfun/study/aoi-turtlebot3_ws/ros2_ws/install/turtlebot3_gazebo/share/turtlebot3_gazebo//models/turtlebot3_common/meshes/burger_base.dae
[15.281s] -- Symlinking: /home/ossfun/study/aoi-turtlebot3_ws/ros2_ws/install/turtlebot3_gazebo/share/turtlebot3_gazebo//models/turtlebot3_common/meshes/lds.dae
[15.290s] -- Symlinking: /home/ossfun/study/aoi-turtlebot3_ws/ros2_ws/install/turtlebot3_gazebo/share/turtlebot3_gazebo//models/turtlebot3_common/meshes/r200.dae
[15.300s] -- Symlinking: /home/ossfun/study/aoi-turtlebot3_ws/ros2_ws/install/turtlebot3_gazebo/share/turtlebot3_gazebo//models/turtlebot3_common/meshes/tire.dae
[15.309s] -- Symlinking: /home/ossfun/study/aoi-turtlebot3_ws/ros2_ws/install/turtlebot3_gazebo/share/turtlebot3_gazebo//models/turtlebot3_common/meshes/waffle_base.dae
[15.319s] -- Symlinking: /home/ossfun/study/aoi-turtlebot3_ws/ros2_ws/install/turtlebot3_gazebo/share/turtlebot3_gazebo//models/turtlebot3_common/meshes/waffle_pi_base.dae
[15.330s] -- Symlinking: /home/ossfun/study/aoi-turtlebot3_ws/ros2_ws/install/turtlebot3_gazebo/share/turtlebot3_gazebo//models/turtlebot3_common/model.config
[15.340s] -- Symlinking: /home/ossfun/study/aoi-turtlebot3_ws/ros2_ws/install/turtlebot3_gazebo/share/turtlebot3_gazebo//models/turtlebot3_dqn_world/goal_box/model.config
[15.350s] -- Symlinking: /home/ossfun/study/aoi-turtlebot3_ws/ros2_ws/install/turtlebot3_gazebo/share/turtlebot3_gazebo//models/turtlebot3_dqn_world/goal_box/model.sdf
[15.360s] -- Symlinking: /home/ossfun/study/aoi-turtlebot3_ws/ros2_ws/install/turtlebot3_gazebo/share/turtlebot3_gazebo//models/turtlebot3_dqn_world/inner_walls/model.config
[15.370s] -- Symlinking: /home/ossfun/study/aoi-turtlebot3_ws/ros2_ws/install/turtlebot3_gazebo/share/turtlebot3_gazebo//models/turtlebot3_dqn_world/inner_walls/model.sdf
[15.380s] -- Symlinking: /home/ossfun/study/aoi-turtlebot3_ws/ros2_ws/install/turtlebot3_gazebo/share/turtlebot3_gazebo//models/turtlebot3_dqn_world/model.config
[15.390s] -- Symlinking: /home/ossfun/study/aoi-turtlebot3_ws/ros2_ws/install/turtlebot3_gazebo/share/turtlebot3_gazebo//models/turtlebot3_dqn_world/model.sdf
[15.401s] -- Symlinking: /home/ossfun/study/aoi-turtlebot3_ws/ros2_ws/install/turtlebot3_gazebo/share/turtlebot3_gazebo//models/turtlebot3_dqn_world/obstacle1/model.config
[15.411s] -- Symlinking: /home/ossfun/study/aoi-turtlebot3_ws/ros2_ws/install/turtlebot3_gazebo/share/turtlebot3_gazebo//models/turtlebot3_dqn_world/obstacle1/model.sdf
[15.421s] -- Symlinking: /home/ossfun/study/aoi-turtlebot3_ws/ros2_ws/install/turtlebot3_gazebo/share/turtlebot3_gazebo//models/turtlebot3_dqn_world/obstacle2/model.config
[15.431s] -- Symlinking: /home/ossfun/study/aoi-turtlebot3_ws/ros2_ws/install/turtlebot3_gazebo/share/turtlebot3_gazebo//models/turtlebot3_dqn_world/obstacle2/model.sdf
[15.441s] -- Symlinking: /home/ossfun/study/aoi-turtlebot3_ws/ros2_ws/install/turtlebot3_gazebo/share/turtlebot3_gazebo//models/turtlebot3_dqn_world/obstacle_plugin/CMakeLists.txt
[15.451s] -- Symlinking: /home/ossfun/study/aoi-turtlebot3_ws/ros2_ws/install/turtlebot3_gazebo/share/turtlebot3_gazebo//models/turtlebot3_dqn_world/obstacle_plugin/obstacle1.cc
[15.461s] -- Symlinking: /home/ossfun/study/aoi-turtlebot3_ws/ros2_ws/install/turtlebot3_gazebo/share/turtlebot3_gazebo//models/turtlebot3_dqn_world/obstacle_plugin/obstacle2.cc
[15.471s] -- Symlinking: /home/ossfun/study/aoi-turtlebot3_ws/ros2_ws/install/turtlebot3_gazebo/share/turtlebot3_gazebo//models/turtlebot3_dqn_world/obstacle_plugin/obstacles.cc
[15.480s] -- Symlinking: /home/ossfun/study/aoi-turtlebot3_ws/ros2_ws/install/turtlebot3_gazebo/share/turtlebot3_gazebo//models/turtlebot3_dqn_world/obstacles/model.config
[15.490s] -- Symlinking: /home/ossfun/study/aoi-turtlebot3_ws/ros2_ws/install/turtlebot3_gazebo/share/turtlebot3_gazebo//models/turtlebot3_dqn_world/obstacles/model.sdf
[15.499s] -- Symlinking: /home/ossfun/study/aoi-turtlebot3_ws/ros2_ws/install/turtlebot3_gazebo/share/turtlebot3_gazebo//models/turtlebot3_house/model.config
[15.510s] -- Symlinking: /home/ossfun/study/aoi-turtlebot3_ws/ros2_ws/install/turtlebot3_gazebo/share/turtlebot3_gazebo//models/turtlebot3_house/model.sdf
[15.519s] -- Symlinking: /home/ossfun/study/aoi-turtlebot3_ws/ros2_ws/install/turtlebot3_gazebo/share/turtlebot3_gazebo//models/turtlebot3_waffle/model-1_4.sdf
[15.529s] -- Symlinking: /home/ossfun/study/aoi-turtlebot3_ws/ros2_ws/install/turtlebot3_gazebo/share/turtlebot3_gazebo//models/turtlebot3_waffle/model.config
[15.539s] -- Symlinking: /home/ossfun/study/aoi-turtlebot3_ws/ros2_ws/install/turtlebot3_gazebo/share/turtlebot3_gazebo//models/turtlebot3_waffle/model.sdf
[15.549s] -- Symlinking: /home/ossfun/study/aoi-turtlebot3_ws/ros2_ws/install/turtlebot3_gazebo/share/turtlebot3_gazebo//models/turtlebot3_waffle_pi/model-1_4_.sdf
[15.559s] -- Symlinking: /home/ossfun/study/aoi-turtlebot3_ws/ros2_ws/install/turtlebot3_gazebo/share/turtlebot3_gazebo//models/turtlebot3_waffle_pi/model.config
[15.568s] -- Symlinking: /home/ossfun/study/aoi-turtlebot3_ws/ros2_ws/install/turtlebot3_gazebo/share/turtlebot3_gazebo//models/turtlebot3_waffle_pi/model.sdf
[15.578s] -- Symlinking: /home/ossfun/study/aoi-turtlebot3_ws/ros2_ws/install/turtlebot3_gazebo/share/turtlebot3_gazebo//models/turtlebot3_world/meshes/hexagon.dae
[15.587s] -- Symlinking: /home/ossfun/study/aoi-turtlebot3_ws/ros2_ws/install/turtlebot3_gazebo/share/turtlebot3_gazebo//models/turtlebot3_world/meshes/wall.dae
[15.597s] -- Symlinking: /home/ossfun/study/aoi-turtlebot3_ws/ros2_ws/install/turtlebot3_gazebo/share/turtlebot3_gazebo//models/turtlebot3_world/model-1_4.sdf
[15.607s] -- Symlinking: /home/ossfun/study/aoi-turtlebot3_ws/ros2_ws/install/turtlebot3_gazebo/share/turtlebot3_gazebo//models/turtlebot3_world/model.config
[15.616s] -- Symlinking: /home/ossfun/study/aoi-turtlebot3_ws/ros2_ws/install/turtlebot3_gazebo/share/turtlebot3_gazebo//models/turtlebot3_world/model.sdf
[15.627s] -- Symlinking: /home/ossfun/study/aoi-turtlebot3_ws/ros2_ws/install/turtlebot3_gazebo/share/turtlebot3_gazebo//rviz/tb3_gazebo.rviz
[15.638s] -- Symlinking: /home/ossfun/study/aoi-turtlebot3_ws/ros2_ws/install/turtlebot3_gazebo/share/turtlebot3_gazebo//urdf/common_properties.urdf
[15.650s] -- Symlinking: /home/ossfun/study/aoi-turtlebot3_ws/ros2_ws/install/turtlebot3_gazebo/share/turtlebot3_gazebo//urdf/turtlebot3_burger.urdf
[15.660s] -- Symlinking: /home/ossfun/study/aoi-turtlebot3_ws/ros2_ws/install/turtlebot3_gazebo/share/turtlebot3_gazebo//urdf/turtlebot3_waffle.urdf
[15.670s] -- Symlinking: /home/ossfun/study/aoi-turtlebot3_ws/ros2_ws/install/turtlebot3_gazebo/share/turtlebot3_gazebo//urdf/turtlebot3_waffle_pi.urdf
[15.679s] -- Symlinking: /home/ossfun/study/aoi-turtlebot3_ws/ros2_ws/install/turtlebot3_gazebo/share/turtlebot3_gazebo//worlds/empty_world.world
[15.689s] -- Symlinking: /home/ossfun/study/aoi-turtlebot3_ws/ros2_ws/install/turtlebot3_gazebo/share/turtlebot3_gazebo//worlds/turtlebot3_dqn_stage1.world
[15.698s] -- Symlinking: /home/ossfun/study/aoi-turtlebot3_ws/ros2_ws/install/turtlebot3_gazebo/share/turtlebot3_gazebo//worlds/turtlebot3_dqn_stage2.world
[15.709s] -- Symlinking: /home/ossfun/study/aoi-turtlebot3_ws/ros2_ws/install/turtlebot3_gazebo/share/turtlebot3_gazebo//worlds/turtlebot3_dqn_stage3.world
[15.718s] -- Symlinking: /home/ossfun/study/aoi-turtlebot3_ws/ros2_ws/install/turtlebot3_gazebo/share/turtlebot3_gazebo//worlds/turtlebot3_dqn_stage4.world
[15.727s] -- Symlinking: /home/ossfun/study/aoi-turtlebot3_ws/ros2_ws/install/turtlebot3_gazebo/share/turtlebot3_gazebo//worlds/turtlebot3_house.world
[15.737s] -- Symlinking: /home/ossfun/study/aoi-turtlebot3_ws/ros2_ws/install/turtlebot3_gazebo/share/turtlebot3_gazebo//worlds/turtlebot3_world.world
[15.746s] -- Symlinking: /home/ossfun/study/aoi-turtlebot3_ws/ros2_ws/install/turtlebot3_gazebo/include//turtlebot3_gazebo/turtlebot3_drive.hpp
[15.756s] -- Symlinking: /home/ossfun/study/aoi-turtlebot3_ws/ros2_ws/install/turtlebot3_gazebo/share/ament_index/resource_index/package_run_dependencies/turtlebot3_gazebo
[15.766s] -- Symlinking: /home/ossfun/study/aoi-turtlebot3_ws/ros2_ws/install/turtlebot3_gazebo/share/ament_index/resource_index/parent_prefix_path/turtlebot3_gazebo
[15.775s] -- Symlinking: /home/ossfun/study/aoi-turtlebot3_ws/ros2_ws/install/turtlebot3_gazebo/share/turtlebot3_gazebo/environment/ament_prefix_path.sh
[15.785s] -- Symlinking: /home/ossfun/study/aoi-turtlebot3_ws/ros2_ws/install/turtlebot3_gazebo/share/turtlebot3_gazebo/environment/ament_prefix_path.dsv
[15.795s] -- Symlinking: /home/ossfun/study/aoi-turtlebot3_ws/ros2_ws/install/turtlebot3_gazebo/share/turtlebot3_gazebo/environment/path.sh
[15.804s] -- Symlinking: /home/ossfun/study/aoi-turtlebot3_ws/ros2_ws/install/turtlebot3_gazebo/share/turtlebot3_gazebo/environment/path.dsv
[15.815s] -- Symlinking: /home/ossfun/study/aoi-turtlebot3_ws/ros2_ws/install/turtlebot3_gazebo/share/turtlebot3_gazebo/local_setup.bash
[15.825s] -- Symlinking: /home/ossfun/study/aoi-turtlebot3_ws/ros2_ws/install/turtlebot3_gazebo/share/turtlebot3_gazebo/local_setup.sh
[15.835s] -- Symlinking: /home/ossfun/study/aoi-turtlebot3_ws/ros2_ws/install/turtlebot3_gazebo/share/turtlebot3_gazebo/local_setup.zsh
[15.845s] -- Symlinking: /home/ossfun/study/aoi-turtlebot3_ws/ros2_ws/install/turtlebot3_gazebo/share/turtlebot3_gazebo/local_setup.dsv
[15.856s] -- Symlinking: /home/ossfun/study/aoi-turtlebot3_ws/ros2_ws/install/turtlebot3_gazebo/share/turtlebot3_gazebo/package.dsv
[15.865s] -- Symlinking: /home/ossfun/study/aoi-turtlebot3_ws/ros2_ws/install/turtlebot3_gazebo/share/ament_index/resource_index/packages/turtlebot3_gazebo
[15.876s] -- Symlinking: /home/ossfun/study/aoi-turtlebot3_ws/ros2_ws/install/turtlebot3_gazebo/share/turtlebot3_gazebo/cmake/ament_cmake_export_include_directories-extras.cmake
[15.885s] -- Symlinking: /home/ossfun/study/aoi-turtlebot3_ws/ros2_ws/install/turtlebot3_gazebo/share/turtlebot3_gazebo/cmake/ament_cmake_export_dependencies-extras.cmake
[15.896s] -- Symlinking: /home/ossfun/study/aoi-turtlebot3_ws/ros2_ws/install/turtlebot3_gazebo/share/turtlebot3_gazebo/cmake/turtlebot3_gazeboConfig.cmake
[15.906s] -- Symlinking: /home/ossfun/study/aoi-turtlebot3_ws/ros2_ws/install/turtlebot3_gazebo/share/turtlebot3_gazebo/cmake/turtlebot3_gazeboConfig-version.cmake
[15.916s] -- Symlinking: /home/ossfun/study/aoi-turtlebot3_ws/ros2_ws/install/turtlebot3_gazebo/share/turtlebot3_gazebo/package.xml
[15.929s] Invoked command in '/home/ossfun/study/aoi-turtlebot3_ws/ros2_ws/build/turtlebot3_gazebo' returned '0': CMAKE_PREFIX_PATH=${CMAKE_PREFIX_PATH}:/home/ossfun/turtlebot3_ws/install/turtlebot3_teleop:/home/ossfun/turtlebot3_ws/install/turtlebot3_example:/opt/ros/humble:/home/ossfun/ros2_humble/install/rqt_bag_plugins:/home/ossfun/ros2_humble/install/rqt_bag:/home/ossfun/ros2_humble/install/ros2bag:/home/ossfun/ros2_humble/install/tracetools_test:/home/ossfun/ros2_humble/install/tracetools_launch:/home/ossfun/ros2_humble/install/topic_monitor:/home/ossfun/ros2_humble/install/tf2_tools:/home/ossfun/ros2_humble/install/examples_tf2_py:/home/ossfun/ros2_humble/install/tf2_ros_py:/home/ossfun/ros2_humble/install/sros2:/home/ossfun/ros2_humble/install/rqt_topic:/home/ossfun/ros2_humble/install/rqt_srv:/home/ossfun/ros2_humble/install/rqt_shell:/home/ossfun/ros2_humble/install/rqt_service_caller:/home/ossfun/ros2_humble/install/rqt_reconfigure:/home/ossfun/ros2_humble/install/rqt_py_console:/home/ossfun/ros2_humble/install/rqt_publisher:/home/ossfun/ros2_humble/install/rqt_plot:/home/ossfun/ros2_humble/install/rqt_action:/home/ossfun/ros2_humble/install/rqt_msg:/home/ossfun/ros2_humble/install/rqt_console:/home/ossfun/ros2_humble/install/rqt:/home/ossfun/ros2_humble/install/rqt_graph:/home/ossfun/ros2_humble/install/rqt_gui_py:/home/ossfun/ros2_humble/install/rqt_gui:/home/ossfun/ros2_humble/install/ros2trace:/home/ossfun/ros2_humble/install/ros2topic:/home/ossfun/ros2_humble/install/ros2test:/home/ossfun/ros2_humble/install/ros2component:/home/ossfun/ros2_humble/install/ros2param:/home/ossfun/ros2_humble/install/ros2lifecycle:/home/ossfun/ros2_humble/install/ros2service:/home/ossfun/ros2_humble/install/ros2run:/home/ossfun/ros2_humble/install/ros2launch:/home/ossfun/ros2_humble/install/ros2pkg:/home/ossfun/ros2_humble/install/ros2node:/home/ossfun/ros2_humble/install/ros2multicast:/home/ossfun/ros2_humble/install/ros2interface:/home/ossfun/ros2_humble/install/ros2doctor:/home/ossfun/ros2_humble/install/ros2action:/home/ossfun/ros2_humble/install/ros2cli:/home/ossfun/ros2_humble/install/quality_of_service_demo_py:/home/ossfun/ros2_humble/install/lifecycle_py:/home/ossfun/ros2_humble/install/launch_testing_ros:/home/ossfun/ros2_humble/install/launch_ros:/home/ossfun/ros2_humble/install/examples_rclpy_pointcloud_publisher:/home/ossfun/ros2_humble/install/examples_rclpy_minimal_subscriber:/home/ossfun/ros2_humble/install/examples_rclpy_minimal_service:/home/ossfun/ros2_humble/install/examples_rclpy_minimal_publisher:/home/ossfun/ros2_humble/install/examples_rclpy_minimal_client:/home/ossfun/ros2_humble/install/examples_rclpy_minimal_action_server:/home/ossfun/ros2_humble/install/examples_rclpy_minimal_action_client:/home/ossfun/ros2_humble/install/examples_rclpy_guard_conditions:/home/ossfun/ros2_humble/install/examples_rclpy_executors:/home/ossfun/ros2_humble/install/demo_nodes_py:/home/ossfun/ros2_humble/install/action_tutorials_py:/home/ossfun/ros2_humble/install/ament_uncrustify:/home/ossfun/ros2_humble/install/tracetools_trace:/home/ossfun/ros2_humble/install/tracetools_read:/home/ossfun/ros2_humble/install/test_tracetools_launch:/home/ossfun/ros2_humble/install/test_launch_ros:/home/ossfun/ros2_humble/install/sensor_msgs_py:/home/ossfun/ros2_humble/install/rpyutils:/home/ossfun/ros2_humble/install/rosidl_runtime_py:/home/ossfun/ros2_humble/install/rosidl_cli:/home/ossfun/ros2_humble/install/launch_pytest:/home/ossfun/ros2_humble/install/launch_testing:/home/ossfun/ros2_humble/install/launch_yaml:/home/ossfun/ros2_humble/install/launch_xml:/home/ossfun/ros2_humble/install/launch:/home/ossfun/ros2_humble/install/osrf_pycommon:/home/ossfun/ros2_humble/install/launch_testing_examples:/home/ossfun/ros2_humble/install/domain_coordinator:/home/ossfun/ros2_humble/install/ament_xmllint:/home/ossfun/ros2_humble/install/ament_pyflakes:/home/ossfun/ros2_humble/install/ament_pycodestyle:/home/ossfun/ros2_humble/install/ament_pep257:/home/ossfun/ros2_humble/install/ament_pclint:/home/ossfun/ros2_humble/install/ament_package:/home/ossfun/ros2_humble/install/ament_mypy:/home/ossfun/ros2_humble/install/ament_lint_cmake:/home/ossfun/ros2_humble/install/ament_flake8:/home/ossfun/ros2_humble/install/ament_copyright:/home/ossfun/ros2_humble/install/ament_lint:/home/ossfun/ros2_humble/install/ament_index_python:/home/ossfun/ros2_humble/install/ament_cpplint:/home/ossfun/ros2_humble/install/ament_cppcheck:/home/ossfun/ros2_humble/install/ament_clang_tidy:/home/ossfun/ros2_humble/install/ament_clang_format /usr/bin/cmake --install /home/ossfun/study/aoi-turtlebot3_ws/ros2_ws/build/turtlebot3_gazebo
