[0.926s] Invoking command in '/home/ossfun/study/aoi-turtlebot3_ws/ros2_ws/src/teleop_wiiboard': PYTHONPATH=/home/ossfun/study/aoi-turtlebot3_ws/ros2_ws/src/build/teleop_wiiboard/prefix_override:/home/ossfun/study/aoi-turtlebot3_ws/ros2_ws/src/install/teleop_wiiboard/lib/python3.10/site-packages:${PYTHONPATH} /usr/bin/python3 setup.py egg_info --egg-base ../build/teleop_wiiboard build --build-base /home/ossfun/study/aoi-turtlebot3_ws/ros2_ws/src/build/teleop_wiiboard/build install --record /home/ossfun/study/aoi-turtlebot3_ws/ros2_ws/src/build/teleop_wiiboard/install.log --single-version-externally-managed
[1.275s] running egg_info
[1.276s] writing ../build/teleop_wiiboard/teleop_wiiboard.egg-info/PKG-INFO
[1.276s] writing dependency_links to ../build/teleop_wiiboard/teleop_wiiboard.egg-info/dependency_links.txt
[1.276s] writing entry points to ../build/teleop_wiiboard/teleop_wiiboard.egg-info/entry_points.txt
[1.276s] writing requirements to ../build/teleop_wiiboard/teleop_wiiboard.egg-info/requires.txt
[1.276s] writing top-level names to ../build/teleop_wiiboard/teleop_wiiboard.egg-info/top_level.txt
[1.277s] reading manifest file '../build/teleop_wiiboard/teleop_wiiboard.egg-info/SOURCES.txt'
[1.278s] writing manifest file '../build/teleop_wiiboard/teleop_wiiboard.egg-info/SOURCES.txt'
[1.278s] running build
[1.278s] running build_py
[1.278s] creating /home/ossfun/study/aoi-turtlebot3_ws/ros2_ws/src/build/teleop_wiiboard/build/lib/teleop_wiiboard/script
[1.278s] copying teleop_wiiboard/script/__init__.py -> /home/ossfun/study/aoi-turtlebot3_ws/ros2_ws/src/build/teleop_wiiboard/build/lib/teleop_wiiboard/script
[1.278s] copying teleop_wiiboard/script/teleop_wiiboard.py -> /home/ossfun/study/aoi-turtlebot3_ws/ros2_ws/src/build/teleop_wiiboard/build/lib/teleop_wiiboard/script
[1.278s] running install
[1.278s] /usr/lib/python3/dist-packages/setuptools/command/install.py:34: SetuptoolsDeprecationWarning: setup.py install is deprecated. Use build and pip and other standards-based tools.
[1.278s]   warnings.warn(
[1.279s] running install_lib
[1.279s] creating /home/ossfun/study/aoi-turtlebot3_ws/ros2_ws/src/install/teleop_wiiboard/lib/python3.10/site-packages/teleop_wiiboard/script
[1.279s] copying /home/ossfun/study/aoi-turtlebot3_ws/ros2_ws/src/build/teleop_wiiboard/build/lib/teleop_wiiboard/script/__init__.py -> /home/ossfun/study/aoi-turtlebot3_ws/ros2_ws/src/install/teleop_wiiboard/lib/python3.10/site-packages/teleop_wiiboard/script
[1.279s] copying /home/ossfun/study/aoi-turtlebot3_ws/ros2_ws/src/build/teleop_wiiboard/build/lib/teleop_wiiboard/script/teleop_wiiboard.py -> /home/ossfun/study/aoi-turtlebot3_ws/ros2_ws/src/install/teleop_wiiboard/lib/python3.10/site-packages/teleop_wiiboard/script
[1.281s] byte-compiling /home/ossfun/study/aoi-turtlebot3_ws/ros2_ws/src/install/teleop_wiiboard/lib/python3.10/site-packages/teleop_wiiboard/script/__init__.py to __init__.cpython-310.pyc
[1.281s] byte-compiling /home/ossfun/study/aoi-turtlebot3_ws/ros2_ws/src/install/teleop_wiiboard/lib/python3.10/site-packages/teleop_wiiboard/script/teleop_wiiboard.py to teleop_wiiboard.cpython-310.pyc
[1.281s] running install_data
[1.282s] running install_egg_info
[1.284s] removing '/home/ossfun/study/aoi-turtlebot3_ws/ros2_ws/src/install/teleop_wiiboard/lib/python3.10/site-packages/teleop_wiiboard-1.0.0-py3.10.egg-info' (and everything under it)
[1.284s] Copying ../build/teleop_wiiboard/teleop_wiiboard.egg-info to /home/ossfun/study/aoi-turtlebot3_ws/ros2_ws/src/install/teleop_wiiboard/lib/python3.10/site-packages/teleop_wiiboard-1.0.0-py3.10.egg-info
[1.285s] running install_scripts
[1.311s] writing list of installed files to '/home/ossfun/study/aoi-turtlebot3_ws/ros2_ws/src/build/teleop_wiiboard/install.log'
[1.329s] Invoked command in '/home/ossfun/study/aoi-turtlebot3_ws/ros2_ws/src/teleop_wiiboard' returned '0': PYTHONPATH=/home/ossfun/study/aoi-turtlebot3_ws/ros2_ws/src/build/teleop_wiiboard/prefix_override:/home/ossfun/study/aoi-turtlebot3_ws/ros2_ws/src/install/teleop_wiiboard/lib/python3.10/site-packages:${PYTHONPATH} /usr/bin/python3 setup.py egg_info --egg-base ../build/teleop_wiiboard build --build-base /home/ossfun/study/aoi-turtlebot3_ws/ros2_ws/src/build/teleop_wiiboard/build install --record /home/ossfun/study/aoi-turtlebot3_ws/ros2_ws/src/build/teleop_wiiboard/install.log --single-version-externally-managed
