running egg_info
creating ../build/teleop_wiiboard/teleop_wiiboard.egg-info
writing ../build/teleop_wiiboard/teleop_wiiboard.egg-info/PKG-INFO
writing dependency_links to ../build/teleop_wiiboard/teleop_wiiboard.egg-info/dependency_links.txt
writing entry points to ../build/teleop_wiiboard/teleop_wiiboard.egg-info/entry_points.txt
writing requirements to ../build/teleop_wiiboard/teleop_wiiboard.egg-info/requires.txt
writing top-level names to ../build/teleop_wiiboard/teleop_wiiboard.egg-info/top_level.txt
writing manifest file '../build/teleop_wiiboard/teleop_wiiboard.egg-info/SOURCES.txt'
reading manifest file '../build/teleop_wiiboard/teleop_wiiboard.egg-info/SOURCES.txt'
writing manifest file '../build/teleop_wiiboard/teleop_wiiboard.egg-info/SOURCES.txt'
running build
running build_py
creating /home/ossfun/study/aoi-turtlebot3_ws/ros2_ws/src/build/teleop_wiiboard/build
creating /home/ossfun/study/aoi-turtlebot3_ws/ros2_ws/src/build/teleop_wiiboard/build/lib
creating /home/ossfun/study/aoi-turtlebot3_ws/ros2_ws/src/build/teleop_wiiboard/build/lib/teleop_wiiboard
copying teleop_wiiboard/__init__.py -> /home/ossfun/study/aoi-turtlebot3_ws/ros2_ws/src/build/teleop_wiiboard/build/lib/teleop_wiiboard
running install
/usr/lib/python3/dist-packages/setuptools/command/install.py:34: SetuptoolsDeprecationWarning: setup.py install is deprecated. Use build and pip and other standards-based tools.
  warnings.warn(
running install_lib
creating /home/ossfun/study/aoi-turtlebot3_ws/ros2_ws/src/install/teleop_wiiboard/lib/python3.10/site-packages/teleop_wiiboard
copying /home/ossfun/study/aoi-turtlebot3_ws/ros2_ws/src/build/teleop_wiiboard/build/lib/teleop_wiiboard/__init__.py -> /home/ossfun/study/aoi-turtlebot3_ws/ros2_ws/src/install/teleop_wiiboard/lib/python3.10/site-packages/teleop_wiiboard
byte-compiling /home/ossfun/study/aoi-turtlebot3_ws/ros2_ws/src/install/teleop_wiiboard/lib/python3.10/site-packages/teleop_wiiboard/__init__.py to __init__.cpython-310.pyc
running install_data
creating /home/ossfun/study/aoi-turtlebot3_ws/ros2_ws/src/install/teleop_wiiboard/share/ament_index
creating /home/ossfun/study/aoi-turtlebot3_ws/ros2_ws/src/install/teleop_wiiboard/share/ament_index/resource_index
creating /home/ossfun/study/aoi-turtlebot3_ws/ros2_ws/src/install/teleop_wiiboard/share/ament_index/resource_index/packages
copying resource/teleop_wiiboard -> /home/ossfun/study/aoi-turtlebot3_ws/ros2_ws/src/install/teleop_wiiboard/share/ament_index/resource_index/packages
copying package.xml -> /home/ossfun/study/aoi-turtlebot3_ws/ros2_ws/src/install/teleop_wiiboard/share/teleop_wiiboard
running install_egg_info
Copying ../build/teleop_wiiboard/teleop_wiiboard.egg-info to /home/ossfun/study/aoi-turtlebot3_ws/ros2_ws/src/install/teleop_wiiboard/lib/python3.10/site-packages/teleop_wiiboard-1.0.0-py3.10.egg-info
running install_scripts
writing list of installed files to '/home/ossfun/study/aoi-turtlebot3_ws/ros2_ws/src/build/teleop_wiiboard/install.log'
