[1.024s] Invoking command in '/home/ossfun/study/aoi-turtlebot3_ws/ros2_ws/src/teleop_wiiboard': PYTHONPATH=/home/ossfun/study/aoi-turtlebot3_ws/ros2_ws/src/build/teleop_wiiboard/prefix_override:/home/ossfun/study/aoi-turtlebot3_ws/ros2_ws/src/install/teleop_wiiboard/lib/python3.10/site-packages:${PYTHONPATH} /usr/bin/python3 setup.py egg_info --egg-base ../build/teleop_wiiboard build --build-base /home/ossfun/study/aoi-turtlebot3_ws/ros2_ws/src/build/teleop_wiiboard/build install --record /home/ossfun/study/aoi-turtlebot3_ws/ros2_ws/src/build/teleop_wiiboard/install.log --single-version-externally-managed
[1.376s] running egg_info
[1.377s] creating ../build/teleop_wiiboard/teleop_wiiboard.egg-info
[1.377s] writing ../build/teleop_wiiboard/teleop_wiiboard.egg-info/PKG-INFO
[1.377s] writing dependency_links to ../build/teleop_wiiboard/teleop_wiiboard.egg-info/dependency_links.txt
[1.377s] writing entry points to ../build/teleop_wiiboard/teleop_wiiboard.egg-info/entry_points.txt
[1.377s] writing requirements to ../build/teleop_wiiboard/teleop_wiiboard.egg-info/requires.txt
[1.377s] writing top-level names to ../build/teleop_wiiboard/teleop_wiiboard.egg-info/top_level.txt
[1.377s] writing manifest file '../build/teleop_wiiboard/teleop_wiiboard.egg-info/SOURCES.txt'
[1.378s] reading manifest file '../build/teleop_wiiboard/teleop_wiiboard.egg-info/SOURCES.txt'
[1.378s] writing manifest file '../build/teleop_wiiboard/teleop_wiiboard.egg-info/SOURCES.txt'
[1.379s] running build
[1.379s] running build_py
[1.379s] creating /home/ossfun/study/aoi-turtlebot3_ws/ros2_ws/src/build/teleop_wiiboard/build
[1.379s] creating /home/ossfun/study/aoi-turtlebot3_ws/ros2_ws/src/build/teleop_wiiboard/build/lib
[1.379s] creating /home/ossfun/study/aoi-turtlebot3_ws/ros2_ws/src/build/teleop_wiiboard/build/lib/teleop_wiiboard
[1.379s] copying teleop_wiiboard/__init__.py -> /home/ossfun/study/aoi-turtlebot3_ws/ros2_ws/src/build/teleop_wiiboard/build/lib/teleop_wiiboard
[1.379s] running install
[1.379s] /usr/lib/python3/dist-packages/setuptools/command/install.py:34: SetuptoolsDeprecationWarning: setup.py install is deprecated. Use build and pip and other standards-based tools.
[1.379s]   warnings.warn(
[1.379s] running install_lib
[1.380s] creating /home/ossfun/study/aoi-turtlebot3_ws/ros2_ws/src/install/teleop_wiiboard/lib/python3.10/site-packages/teleop_wiiboard
[1.380s] copying /home/ossfun/study/aoi-turtlebot3_ws/ros2_ws/src/build/teleop_wiiboard/build/lib/teleop_wiiboard/__init__.py -> /home/ossfun/study/aoi-turtlebot3_ws/ros2_ws/src/install/teleop_wiiboard/lib/python3.10/site-packages/teleop_wiiboard
[1.381s] byte-compiling /home/ossfun/study/aoi-turtlebot3_ws/ros2_ws/src/install/teleop_wiiboard/lib/python3.10/site-packages/teleop_wiiboard/__init__.py to __init__.cpython-310.pyc
[1.382s] running install_data
[1.382s] creating /home/ossfun/study/aoi-turtlebot3_ws/ros2_ws/src/install/teleop_wiiboard/share/ament_index
[1.382s] creating /home/ossfun/study/aoi-turtlebot3_ws/ros2_ws/src/install/teleop_wiiboard/share/ament_index/resource_index
[1.382s] creating /home/ossfun/study/aoi-turtlebot3_ws/ros2_ws/src/install/teleop_wiiboard/share/ament_index/resource_index/packages
[1.382s] copying resource/teleop_wiiboard -> /home/ossfun/study/aoi-turtlebot3_ws/ros2_ws/src/install/teleop_wiiboard/share/ament_index/resource_index/packages
[1.382s] copying package.xml -> /home/ossfun/study/aoi-turtlebot3_ws/ros2_ws/src/install/teleop_wiiboard/share/teleop_wiiboard
[1.382s] running install_egg_info
[1.384s] Copying ../build/teleop_wiiboard/teleop_wiiboard.egg-info to /home/ossfun/study/aoi-turtlebot3_ws/ros2_ws/src/install/teleop_wiiboard/lib/python3.10/site-packages/teleop_wiiboard-1.0.0-py3.10.egg-info
[1.385s] running install_scripts
[1.411s] writing list of installed files to '/home/ossfun/study/aoi-turtlebot3_ws/ros2_ws/src/build/teleop_wiiboard/install.log'
[1.427s] Invoked command in '/home/ossfun/study/aoi-turtlebot3_ws/ros2_ws/src/teleop_wiiboard' returned '0': PYTHONPATH=/home/ossfun/study/aoi-turtlebot3_ws/ros2_ws/src/build/teleop_wiiboard/prefix_override:/home/ossfun/study/aoi-turtlebot3_ws/ros2_ws/src/install/teleop_wiiboard/lib/python3.10/site-packages:${PYTHONPATH} /usr/bin/python3 setup.py egg_info --egg-base ../build/teleop_wiiboard build --build-base /home/ossfun/study/aoi-turtlebot3_ws/ros2_ws/src/build/teleop_wiiboard/build install --record /home/ossfun/study/aoi-turtlebot3_ws/ros2_ws/src/build/teleop_wiiboard/install.log --single-version-externally-managed
