[0.393s] DEBUG:colcon:Command line arguments: ['/usr/bin/colcon', 'build', '--packages-select', 'teleop_wiiboard']
[0.393s] DEBUG:colcon:Parsed command line arguments: Namespace(log_base=None, log_level=None, verb_name='build', build_base='build', install_base='install', merge_install=False, symlink_install=False, test_result_base=None, continue_on_error=False, executor='parallel', parallel_workers=16, event_handlers=None, ignore_user_meta=False, metas=['./colcon.meta'], base_paths=['.'], packages_ignore=None, packages_ignore_regex=None, paths=None, packages_up_to=None, packages_up_to_regex=None, packages_above=None, packages_above_and_dependencies=None, packages_above_depth=None, packages_select_by_dep=None, packages_skip_by_dep=None, packages_skip_up_to=None, packages_select_build_failed=False, packages_skip_build_finished=False, packages_select_test_failures=False, packages_skip_test_passed=False, packages_select=['teleop_wiiboard'], packages_skip=None, packages_select_regex=None, packages_skip_regex=None, packages_start=None, packages_end=None, allow_overriding=[], cmake_args=None, cmake_target=None, cmake_target_skip_unavailable=False, cmake_clean_cache=False, cmake_clean_first=False, cmake_force_configure=False, ament_cmake_args=None, catkin_cmake_args=None, catkin_skip_building_tests=False, verb_parser=<colcon_defaults.argument_parser.defaults.DefaultArgumentsDecorator object at 0x7f94acef9210>, verb_extension=<colcon_core.verb.build.BuildVerb object at 0x7f94ad8ea7a0>, main=<bound method BuildVerb.main of <colcon_core.verb.build.BuildVerb object at 0x7f94ad8ea7a0>>)
[0.425s] Level 1:colcon.colcon_core.package_discovery:discover_packages(colcon_meta) check parameters
[0.425s] Level 1:colcon.colcon_core.package_discovery:discover_packages(recursive) check parameters
[0.425s] Level 1:colcon.colcon_core.package_discovery:discover_packages(ignore) check parameters
[0.425s] Level 1:colcon.colcon_core.package_discovery:discover_packages(path) check parameters
[0.425s] Level 1:colcon.colcon_core.package_discovery:discover_packages(colcon_meta) discover
[0.425s] Level 1:colcon.colcon_core.package_discovery:discover_packages(recursive) discover
[0.425s] INFO:colcon.colcon_core.package_discovery:Crawling recursively for packages in '/home/ossfun/study/aoi-turtlebot3_ws'
[0.425s] Level 1:colcon.colcon_core.package_identification:_identify(.) by extensions ['ignore', 'ignore_ament_install']
[0.425s] Level 1:colcon.colcon_core.package_identification:_identify(.) by extension 'ignore'
[0.425s] Level 1:colcon.colcon_core.package_identification:_identify(.) by extension 'ignore_ament_install'
[0.425s] Level 1:colcon.colcon_core.package_identification:_identify(.) by extensions ['colcon_pkg']
[0.425s] Level 1:colcon.colcon_core.package_identification:_identify(.) by extension 'colcon_pkg'
[0.425s] Level 1:colcon.colcon_core.package_identification:_identify(.) by extensions ['colcon_meta']
[0.425s] Level 1:colcon.colcon_core.package_identification:_identify(.) by extension 'colcon_meta'
[0.425s] Level 1:colcon.colcon_core.package_identification:_identify(.) by extensions ['ros']
[0.425s] Level 1:colcon.colcon_core.package_identification:_identify(.) by extension 'ros'
[0.434s] Level 1:colcon.colcon_core.package_identification:_identify(.) by extensions ['cmake', 'python']
[0.434s] Level 1:colcon.colcon_core.package_identification:_identify(.) by extension 'cmake'
[0.434s] Level 1:colcon.colcon_core.package_identification:_identify(.) by extension 'python'
[0.434s] Level 1:colcon.colcon_core.package_identification:_identify(.) by extensions ['python_setup_py']
[0.434s] Level 1:colcon.colcon_core.package_identification:_identify(.) by extension 'python_setup_py'
[0.434s] Level 1:colcon.colcon_core.package_identification:_identify(build) by extensions ['ignore', 'ignore_ament_install']
[0.434s] Level 1:colcon.colcon_core.package_identification:_identify(build) by extension 'ignore'
[0.434s] Level 1:colcon.colcon_core.package_identification:_identify(build) ignored
[0.435s] Level 1:colcon.colcon_core.package_identification:_identify(install) by extensions ['ignore', 'ignore_ament_install']
[0.435s] Level 1:colcon.colcon_core.package_identification:_identify(install) by extension 'ignore'
[0.435s] Level 1:colcon.colcon_core.package_identification:_identify(install) ignored
[0.435s] Level 1:colcon.colcon_core.package_identification:_identify(log) by extensions ['ignore', 'ignore_ament_install']
[0.435s] Level 1:colcon.colcon_core.package_identification:_identify(log) by extension 'ignore'
[0.435s] Level 1:colcon.colcon_core.package_identification:_identify(log) ignored
[0.435s] Level 1:colcon.colcon_core.package_identification:_identify(ros2_ws) by extensions ['ignore', 'ignore_ament_install']
[0.435s] Level 1:colcon.colcon_core.package_identification:_identify(ros2_ws) by extension 'ignore'
[0.435s] Level 1:colcon.colcon_core.package_identification:_identify(ros2_ws) by extension 'ignore_ament_install'
[0.435s] Level 1:colcon.colcon_core.package_identification:_identify(ros2_ws) by extensions ['colcon_pkg']
[0.435s] Level 1:colcon.colcon_core.package_identification:_identify(ros2_ws) by extension 'colcon_pkg'
[0.435s] Level 1:colcon.colcon_core.package_identification:_identify(ros2_ws) by extensions ['colcon_meta']
[0.435s] Level 1:colcon.colcon_core.package_identification:_identify(ros2_ws) by extension 'colcon_meta'
[0.435s] Level 1:colcon.colcon_core.package_identification:_identify(ros2_ws) by extensions ['ros']
[0.435s] Level 1:colcon.colcon_core.package_identification:_identify(ros2_ws) by extension 'ros'
[0.435s] Level 1:colcon.colcon_core.package_identification:_identify(ros2_ws) by extensions ['cmake', 'python']
[0.435s] Level 1:colcon.colcon_core.package_identification:_identify(ros2_ws) by extension 'cmake'
[0.435s] Level 1:colcon.colcon_core.package_identification:_identify(ros2_ws) by extension 'python'
[0.435s] Level 1:colcon.colcon_core.package_identification:_identify(ros2_ws) by extensions ['python_setup_py']
[0.435s] Level 1:colcon.colcon_core.package_identification:_identify(ros2_ws) by extension 'python_setup_py'
[0.435s] Level 1:colcon.colcon_core.package_identification:_identify(ros2_ws/build) by extensions ['ignore', 'ignore_ament_install']
[0.435s] Level 1:colcon.colcon_core.package_identification:_identify(ros2_ws/build) by extension 'ignore'
[0.435s] Level 1:colcon.colcon_core.package_identification:_identify(ros2_ws/build) ignored
[0.435s] Level 1:colcon.colcon_core.package_identification:_identify(ros2_ws/install) by extensions ['ignore', 'ignore_ament_install']
[0.436s] Level 1:colcon.colcon_core.package_identification:_identify(ros2_ws/install) by extension 'ignore'
[0.436s] Level 1:colcon.colcon_core.package_identification:_identify(ros2_ws/install) ignored
[0.436s] Level 1:colcon.colcon_core.package_identification:_identify(ros2_ws/log) by extensions ['ignore', 'ignore_ament_install']
[0.436s] Level 1:colcon.colcon_core.package_identification:_identify(ros2_ws/log) by extension 'ignore'
[0.436s] Level 1:colcon.colcon_core.package_identification:_identify(ros2_ws/log) ignored
[0.436s] Level 1:colcon.colcon_core.package_identification:_identify(ros2_ws/src) by extensions ['ignore', 'ignore_ament_install']
[0.436s] Level 1:colcon.colcon_core.package_identification:_identify(ros2_ws/src) by extension 'ignore'
[0.436s] Level 1:colcon.colcon_core.package_identification:_identify(ros2_ws/src) by extension 'ignore_ament_install'
[0.436s] Level 1:colcon.colcon_core.package_identification:_identify(ros2_ws/src) by extensions ['colcon_pkg']
[0.436s] Level 1:colcon.colcon_core.package_identification:_identify(ros2_ws/src) by extension 'colcon_pkg'
[0.436s] Level 1:colcon.colcon_core.package_identification:_identify(ros2_ws/src) by extensions ['colcon_meta']
[0.436s] Level 1:colcon.colcon_core.package_identification:_identify(ros2_ws/src) by extension 'colcon_meta'
[0.436s] Level 1:colcon.colcon_core.package_identification:_identify(ros2_ws/src) by extensions ['ros']
[0.436s] Level 1:colcon.colcon_core.package_identification:_identify(ros2_ws/src) by extension 'ros'
[0.436s] Level 1:colcon.colcon_core.package_identification:_identify(ros2_ws/src) by extensions ['cmake', 'python']
[0.436s] Level 1:colcon.colcon_core.package_identification:_identify(ros2_ws/src) by extension 'cmake'
[0.436s] Level 1:colcon.colcon_core.package_identification:_identify(ros2_ws/src) by extension 'python'
[0.436s] Level 1:colcon.colcon_core.package_identification:_identify(ros2_ws/src) by extensions ['python_setup_py']
[0.436s] Level 1:colcon.colcon_core.package_identification:_identify(ros2_ws/src) by extension 'python_setup_py'
[0.436s] Level 1:colcon.colcon_core.package_identification:_identify(ros2_ws/src/build) by extensions ['ignore', 'ignore_ament_install']
[0.436s] Level 1:colcon.colcon_core.package_identification:_identify(ros2_ws/src/build) by extension 'ignore'
[0.436s] Level 1:colcon.colcon_core.package_identification:_identify(ros2_ws/src/build) ignored
[0.436s] Level 1:colcon.colcon_core.package_identification:_identify(ros2_ws/src/install) by extensions ['ignore', 'ignore_ament_install']
[0.436s] Level 1:colcon.colcon_core.package_identification:_identify(ros2_ws/src/install) by extension 'ignore'
[0.436s] Level 1:colcon.colcon_core.package_identification:_identify(ros2_ws/src/install) ignored
[0.437s] Level 1:colcon.colcon_core.package_identification:_identify(ros2_ws/src/log) by extensions ['ignore', 'ignore_ament_install']
[0.437s] Level 1:colcon.colcon_core.package_identification:_identify(ros2_ws/src/log) by extension 'ignore'
[0.437s] Level 1:colcon.colcon_core.package_identification:_identify(ros2_ws/src/log) ignored
[0.437s] Level 1:colcon.colcon_core.package_identification:_identify(ros2_ws/src/teleop_wiiboard) by extensions ['ignore', 'ignore_ament_install']
[0.437s] Level 1:colcon.colcon_core.package_identification:_identify(ros2_ws/src/teleop_wiiboard) by extension 'ignore'
[0.437s] Level 1:colcon.colcon_core.package_identification:_identify(ros2_ws/src/teleop_wiiboard) by extension 'ignore_ament_install'
[0.437s] Level 1:colcon.colcon_core.package_identification:_identify(ros2_ws/src/teleop_wiiboard) by extensions ['colcon_pkg']
[0.437s] Level 1:colcon.colcon_core.package_identification:_identify(ros2_ws/src/teleop_wiiboard) by extension 'colcon_pkg'
[0.437s] Level 1:colcon.colcon_core.package_identification:_identify(ros2_ws/src/teleop_wiiboard) by extensions ['colcon_meta']
[0.437s] Level 1:colcon.colcon_core.package_identification:_identify(ros2_ws/src/teleop_wiiboard) by extension 'colcon_meta'
[0.437s] Level 1:colcon.colcon_core.package_identification:_identify(ros2_ws/src/teleop_wiiboard) by extensions ['ros']
[0.437s] Level 1:colcon.colcon_core.package_identification:_identify(ros2_ws/src/teleop_wiiboard) by extension 'ros'
[0.439s] DEBUG:colcon.colcon_core.package_identification:Package 'ros2_ws/src/teleop_wiiboard' with type 'ros.ament_python' and name 'teleop_wiiboard'
[0.439s] Level 1:colcon.colcon_core.package_identification:_identify(ros2_ws/src/turtlebot3_simulations) by extensions ['ignore', 'ignore_ament_install']
[0.439s] Level 1:colcon.colcon_core.package_identification:_identify(ros2_ws/src/turtlebot3_simulations) by extension 'ignore'
[0.439s] Level 1:colcon.colcon_core.package_identification:_identify(ros2_ws/src/turtlebot3_simulations) by extension 'ignore_ament_install'
[0.439s] Level 1:colcon.colcon_core.package_identification:_identify(ros2_ws/src/turtlebot3_simulations) by extensions ['colcon_pkg']
[0.439s] Level 1:colcon.colcon_core.package_identification:_identify(ros2_ws/src/turtlebot3_simulations) by extension 'colcon_pkg'
[0.439s] Level 1:colcon.colcon_core.package_identification:_identify(ros2_ws/src/turtlebot3_simulations) by extensions ['colcon_meta']
[0.439s] Level 1:colcon.colcon_core.package_identification:_identify(ros2_ws/src/turtlebot3_simulations) by extension 'colcon_meta'
[0.439s] Level 1:colcon.colcon_core.package_identification:_identify(ros2_ws/src/turtlebot3_simulations) by extensions ['ros']
[0.439s] Level 1:colcon.colcon_core.package_identification:_identify(ros2_ws/src/turtlebot3_simulations) by extension 'ros'
[0.439s] Level 1:colcon.colcon_core.package_identification:_identify(ros2_ws/src/turtlebot3_simulations) by extensions ['cmake', 'python']
[0.439s] Level 1:colcon.colcon_core.package_identification:_identify(ros2_ws/src/turtlebot3_simulations) by extension 'cmake'
[0.439s] Level 1:colcon.colcon_core.package_identification:_identify(ros2_ws/src/turtlebot3_simulations) by extension 'python'
[0.439s] Level 1:colcon.colcon_core.package_identification:_identify(ros2_ws/src/turtlebot3_simulations) by extensions ['python_setup_py']
[0.439s] Level 1:colcon.colcon_core.package_identification:_identify(ros2_ws/src/turtlebot3_simulations) by extension 'python_setup_py'
[0.440s] Level 1:colcon.colcon_core.package_identification:_identify(ros2_ws/src/turtlebot3_simulations/turtlebot3_fake_node) by extensions ['ignore', 'ignore_ament_install']
[0.440s] Level 1:colcon.colcon_core.package_identification:_identify(ros2_ws/src/turtlebot3_simulations/turtlebot3_fake_node) by extension 'ignore'
[0.440s] Level 1:colcon.colcon_core.package_identification:_identify(ros2_ws/src/turtlebot3_simulations/turtlebot3_fake_node) by extension 'ignore_ament_install'
[0.440s] Level 1:colcon.colcon_core.package_identification:_identify(ros2_ws/src/turtlebot3_simulations/turtlebot3_fake_node) by extensions ['colcon_pkg']
[0.440s] Level 1:colcon.colcon_core.package_identification:_identify(ros2_ws/src/turtlebot3_simulations/turtlebot3_fake_node) by extension 'colcon_pkg'
[0.440s] Level 1:colcon.colcon_core.package_identification:_identify(ros2_ws/src/turtlebot3_simulations/turtlebot3_fake_node) by extensions ['colcon_meta']
[0.440s] Level 1:colcon.colcon_core.package_identification:_identify(ros2_ws/src/turtlebot3_simulations/turtlebot3_fake_node) by extension 'colcon_meta'
[0.440s] Level 1:colcon.colcon_core.package_identification:_identify(ros2_ws/src/turtlebot3_simulations/turtlebot3_fake_node) by extensions ['ros']
[0.440s] Level 1:colcon.colcon_core.package_identification:_identify(ros2_ws/src/turtlebot3_simulations/turtlebot3_fake_node) by extension 'ros'
[0.441s] DEBUG:colcon.colcon_core.package_identification:Package 'ros2_ws/src/turtlebot3_simulations/turtlebot3_fake_node' with type 'ros.ament_cmake' and name 'turtlebot3_fake_node'
[0.441s] Level 1:colcon.colcon_core.package_identification:_identify(ros2_ws/src/turtlebot3_simulations/turtlebot3_gazebo) by extensions ['ignore', 'ignore_ament_install']
[0.441s] Level 1:colcon.colcon_core.package_identification:_identify(ros2_ws/src/turtlebot3_simulations/turtlebot3_gazebo) by extension 'ignore'
[0.441s] Level 1:colcon.colcon_core.package_identification:_identify(ros2_ws/src/turtlebot3_simulations/turtlebot3_gazebo) by extension 'ignore_ament_install'
[0.441s] Level 1:colcon.colcon_core.package_identification:_identify(ros2_ws/src/turtlebot3_simulations/turtlebot3_gazebo) by extensions ['colcon_pkg']
[0.441s] Level 1:colcon.colcon_core.package_identification:_identify(ros2_ws/src/turtlebot3_simulations/turtlebot3_gazebo) by extension 'colcon_pkg'
[0.441s] Level 1:colcon.colcon_core.package_identification:_identify(ros2_ws/src/turtlebot3_simulations/turtlebot3_gazebo) by extensions ['colcon_meta']
[0.441s] Level 1:colcon.colcon_core.package_identification:_identify(ros2_ws/src/turtlebot3_simulations/turtlebot3_gazebo) by extension 'colcon_meta'
[0.441s] Level 1:colcon.colcon_core.package_identification:_identify(ros2_ws/src/turtlebot3_simulations/turtlebot3_gazebo) by extensions ['ros']
[0.441s] Level 1:colcon.colcon_core.package_identification:_identify(ros2_ws/src/turtlebot3_simulations/turtlebot3_gazebo) by extension 'ros'
[0.442s] DEBUG:colcon.colcon_core.package_identification:Package 'ros2_ws/src/turtlebot3_simulations/turtlebot3_gazebo' with type 'ros.ament_cmake' and name 'turtlebot3_gazebo'
[0.442s] Level 1:colcon.colcon_core.package_identification:_identify(ros2_ws/src/turtlebot3_simulations/turtlebot3_simulations) by extensions ['ignore', 'ignore_ament_install']
[0.442s] Level 1:colcon.colcon_core.package_identification:_identify(ros2_ws/src/turtlebot3_simulations/turtlebot3_simulations) by extension 'ignore'
[0.442s] Level 1:colcon.colcon_core.package_identification:_identify(ros2_ws/src/turtlebot3_simulations/turtlebot3_simulations) by extension 'ignore_ament_install'
[0.442s] Level 1:colcon.colcon_core.package_identification:_identify(ros2_ws/src/turtlebot3_simulations/turtlebot3_simulations) by extensions ['colcon_pkg']
[0.442s] Level 1:colcon.colcon_core.package_identification:_identify(ros2_ws/src/turtlebot3_simulations/turtlebot3_simulations) by extension 'colcon_pkg'
[0.442s] Level 1:colcon.colcon_core.package_identification:_identify(ros2_ws/src/turtlebot3_simulations/turtlebot3_simulations) by extensions ['colcon_meta']
[0.442s] Level 1:colcon.colcon_core.package_identification:_identify(ros2_ws/src/turtlebot3_simulations/turtlebot3_simulations) by extension 'colcon_meta'
[0.442s] Level 1:colcon.colcon_core.package_identification:_identify(ros2_ws/src/turtlebot3_simulations/turtlebot3_simulations) by extensions ['ros']
[0.442s] Level 1:colcon.colcon_core.package_identification:_identify(ros2_ws/src/turtlebot3_simulations/turtlebot3_simulations) by extension 'ros'
[0.442s] DEBUG:colcon.colcon_core.package_identification:Package 'ros2_ws/src/turtlebot3_simulations/turtlebot3_simulations' with type 'ros.ament_cmake' and name 'turtlebot3_simulations'
[0.442s] Level 1:colcon.colcon_core.package_identification:_identify(ros2_ws/src/tutorial_package) by extensions ['ignore', 'ignore_ament_install']
[0.442s] Level 1:colcon.colcon_core.package_identification:_identify(ros2_ws/src/tutorial_package) by extension 'ignore'
[0.442s] Level 1:colcon.colcon_core.package_identification:_identify(ros2_ws/src/tutorial_package) by extension 'ignore_ament_install'
[0.442s] Level 1:colcon.colcon_core.package_identification:_identify(ros2_ws/src/tutorial_package) by extensions ['colcon_pkg']
[0.442s] Level 1:colcon.colcon_core.package_identification:_identify(ros2_ws/src/tutorial_package) by extension 'colcon_pkg'
[0.442s] Level 1:colcon.colcon_core.package_identification:_identify(ros2_ws/src/tutorial_package) by extensions ['colcon_meta']
[0.442s] Level 1:colcon.colcon_core.package_identification:_identify(ros2_ws/src/tutorial_package) by extension 'colcon_meta'
[0.443s] Level 1:colcon.colcon_core.package_identification:_identify(ros2_ws/src/tutorial_package) by extensions ['ros']
[0.443s] Level 1:colcon.colcon_core.package_identification:_identify(ros2_ws/src/tutorial_package) by extension 'ros'
[0.443s] DEBUG:colcon.colcon_core.package_identification:Package 'ros2_ws/src/tutorial_package' with type 'ros.ament_cmake' and name 'tutorial_package'
[0.443s] Level 1:colcon.colcon_core.package_discovery:discover_packages(recursive) using defaults
[0.443s] Level 1:colcon.colcon_core.package_discovery:discover_packages(ignore) discover
[0.443s] Level 1:colcon.colcon_core.package_discovery:discover_packages(ignore) using defaults
[0.443s] Level 1:colcon.colcon_core.package_discovery:discover_packages(path) discover
[0.443s] Level 1:colcon.colcon_core.package_discovery:discover_packages(path) using defaults
[0.476s] INFO:colcon.colcon_core.package_selection:Skipping not selected package 'turtlebot3_fake_node' in 'ros2_ws/src/turtlebot3_simulations/turtlebot3_fake_node'
[0.476s] INFO:colcon.colcon_core.package_selection:Skipping not selected package 'turtlebot3_gazebo' in 'ros2_ws/src/turtlebot3_simulations/turtlebot3_gazebo'
[0.476s] INFO:colcon.colcon_core.package_selection:Skipping not selected package 'tutorial_package' in 'ros2_ws/src/tutorial_package'
[0.476s] INFO:colcon.colcon_core.package_selection:Skipping not selected package 'turtlebot3_simulations' in 'ros2_ws/src/turtlebot3_simulations/turtlebot3_simulations'
[0.477s] Level 1:colcon.colcon_core.package_discovery:discover_packages(prefix_path) check parameters
[0.477s] Level 1:colcon.colcon_core.package_discovery:discover_packages(prefix_path) discover
[0.486s] DEBUG:colcon.colcon_installed_package_information.package_discovery:Found 5 installed packages in /home/ossfun/study/aoi-turtlebot3_ws/ros2_ws/src/install
[0.487s] DEBUG:colcon.colcon_installed_package_information.package_discovery:Found 4 installed packages in /home/ossfun/study/aoi-turtlebot3_ws/ros2_ws/install
[0.488s] DEBUG:colcon.colcon_installed_package_information.package_discovery:Found 6 installed packages in /home/ossfun/study/ros2_ws/install
[0.489s] DEBUG:colcon.colcon_installed_package_information.package_discovery:Found 15 installed packages in /home/ossfun/turtlebot3_ws/install
[0.495s] DEBUG:colcon.colcon_installed_package_information.package_discovery:Found 343 installed packages in /home/ossfun/ros2_humble/install
[0.498s] DEBUG:colcon.colcon_installed_package_information.package_discovery:Found 2 installed packages in /home/ossfun/study/ros2_ws/src/install
[0.499s] DEBUG:colcon.colcon_installed_package_information.package_discovery:Found 383 installed packages in /opt/ros/humble
[0.507s] Level 1:colcon.colcon_core.package_discovery:discover_packages(prefix_path) using defaults
[0.572s] Level 5:colcon.colcon_core.verb:set package 'teleop_wiiboard' build argument 'cmake_args' from command line to 'None'
[0.572s] Level 5:colcon.colcon_core.verb:set package 'teleop_wiiboard' build argument 'cmake_target' from command line to 'None'
[0.572s] Level 5:colcon.colcon_core.verb:set package 'teleop_wiiboard' build argument 'cmake_target_skip_unavailable' from command line to 'False'
[0.572s] Level 5:colcon.colcon_core.verb:set package 'teleop_wiiboard' build argument 'cmake_clean_cache' from command line to 'False'
[0.572s] Level 5:colcon.colcon_core.verb:set package 'teleop_wiiboard' build argument 'cmake_clean_first' from command line to 'False'
[0.572s] Level 5:colcon.colcon_core.verb:set package 'teleop_wiiboard' build argument 'cmake_force_configure' from command line to 'False'
[0.572s] Level 5:colcon.colcon_core.verb:set package 'teleop_wiiboard' build argument 'ament_cmake_args' from command line to 'None'
[0.572s] Level 5:colcon.colcon_core.verb:set package 'teleop_wiiboard' build argument 'catkin_cmake_args' from command line to 'None'
[0.572s] Level 5:colcon.colcon_core.verb:set package 'teleop_wiiboard' build argument 'catkin_skip_building_tests' from command line to 'False'
[0.572s] DEBUG:colcon.colcon_core.verb:Building package 'teleop_wiiboard' with the following arguments: {'ament_cmake_args': None, 'build_base': '/home/ossfun/study/aoi-turtlebot3_ws/build/teleop_wiiboard', 'catkin_cmake_args': None, 'catkin_skip_building_tests': False, 'cmake_args': None, 'cmake_clean_cache': False, 'cmake_clean_first': False, 'cmake_force_configure': False, 'cmake_target': None, 'cmake_target_skip_unavailable': False, 'install_base': '/home/ossfun/study/aoi-turtlebot3_ws/install/teleop_wiiboard', 'merge_install': False, 'path': '/home/ossfun/study/aoi-turtlebot3_ws/ros2_ws/src/teleop_wiiboard', 'symlink_install': False, 'test_result_base': None}
[0.573s] INFO:colcon.colcon_core.executor:Executing jobs using 'parallel' executor
[0.576s] DEBUG:colcon.colcon_parallel_executor.executor.parallel:run_until_complete
[0.577s] INFO:colcon.colcon_ros.task.ament_python.build:Building ROS package in '/home/ossfun/study/aoi-turtlebot3_ws/ros2_ws/src/teleop_wiiboard' with build type 'ament_python'
[0.577s] Level 1:colcon.colcon_core.shell:create_environment_hook('teleop_wiiboard', 'ament_prefix_path')
[0.583s] INFO:colcon.colcon_core.plugin_system:Skipping extension 'colcon_core.shell.bat': Not used on non-Windows systems
[0.583s] INFO:colcon.colcon_core.shell:Creating environment hook '/home/ossfun/study/aoi-turtlebot3_ws/install/teleop_wiiboard/share/teleop_wiiboard/hook/ament_prefix_path.ps1'
[0.583s] INFO:colcon.colcon_core.shell:Creating environment descriptor '/home/ossfun/study/aoi-turtlebot3_ws/install/teleop_wiiboard/share/teleop_wiiboard/hook/ament_prefix_path.dsv'
[0.584s] INFO:colcon.colcon_core.shell:Creating environment hook '/home/ossfun/study/aoi-turtlebot3_ws/install/teleop_wiiboard/share/teleop_wiiboard/hook/ament_prefix_path.sh'
[0.585s] INFO:colcon.colcon_core.shell:Skip shell extension 'powershell' for command environment: Not usable outside of PowerShell
[0.585s] DEBUG:colcon.colcon_core.shell:Skip shell extension 'dsv' for command environment
[1.000s] INFO:colcon.colcon_core.task.python.build:Building Python package in '/home/ossfun/study/aoi-turtlebot3_ws/ros2_ws/src/teleop_wiiboard'
[1.002s] INFO:colcon.colcon_core.shell:Skip shell extension 'powershell' for command environment: Not usable outside of PowerShell
[1.002s] DEBUG:colcon.colcon_core.shell:Skip shell extension 'dsv' for command environment
[1.563s] DEBUG:colcon.colcon_core.event_handler.log_command:Invoking command in '/home/ossfun/study/aoi-turtlebot3_ws/ros2_ws/src/teleop_wiiboard': PYTHONPATH=/home/ossfun/study/aoi-turtlebot3_ws/build/teleop_wiiboard/prefix_override:/home/ossfun/study/aoi-turtlebot3_ws/install/teleop_wiiboard/lib/python3.10/site-packages:${PYTHONPATH} /usr/bin/python3 setup.py egg_info --egg-base ../../../build/teleop_wiiboard build --build-base /home/ossfun/study/aoi-turtlebot3_ws/build/teleop_wiiboard/build install --record /home/ossfun/study/aoi-turtlebot3_ws/build/teleop_wiiboard/install.log --single-version-externally-managed
[1.983s] DEBUG:colcon.colcon_core.event_handler.log_command:Invoked command in '/home/ossfun/study/aoi-turtlebot3_ws/ros2_ws/src/teleop_wiiboard' returned '0': PYTHONPATH=/home/ossfun/study/aoi-turtlebot3_ws/build/teleop_wiiboard/prefix_override:/home/ossfun/study/aoi-turtlebot3_ws/install/teleop_wiiboard/lib/python3.10/site-packages:${PYTHONPATH} /usr/bin/python3 setup.py egg_info --egg-base ../../../build/teleop_wiiboard build --build-base /home/ossfun/study/aoi-turtlebot3_ws/build/teleop_wiiboard/build install --record /home/ossfun/study/aoi-turtlebot3_ws/build/teleop_wiiboard/install.log --single-version-externally-managed
[1.991s] Level 1:colcon.colcon_core.environment:checking '/home/ossfun/study/aoi-turtlebot3_ws/install/teleop_wiiboard' for CMake module files
[1.991s] Level 1:colcon.colcon_core.environment:checking '/home/ossfun/study/aoi-turtlebot3_ws/install/teleop_wiiboard' for CMake config files
[1.992s] Level 1:colcon.colcon_core.environment:checking '/home/ossfun/study/aoi-turtlebot3_ws/install/teleop_wiiboard/lib'
[1.992s] Level 1:colcon.colcon_core.environment:checking '/home/ossfun/study/aoi-turtlebot3_ws/install/teleop_wiiboard/bin'
[1.992s] Level 1:colcon.colcon_core.environment:checking '/home/ossfun/study/aoi-turtlebot3_ws/install/teleop_wiiboard/lib/pkgconfig/teleop_wiiboard.pc'
[1.993s] Level 1:colcon.colcon_core.environment:checking '/home/ossfun/study/aoi-turtlebot3_ws/install/teleop_wiiboard/lib/python3.10/site-packages'
[1.993s] Level 1:colcon.colcon_core.shell:create_environment_hook('teleop_wiiboard', 'pythonpath')
[1.996s] INFO:colcon.colcon_core.shell:Creating environment hook '/home/ossfun/study/aoi-turtlebot3_ws/install/teleop_wiiboard/share/teleop_wiiboard/hook/pythonpath.ps1'
[1.996s] INFO:colcon.colcon_core.shell:Creating environment descriptor '/home/ossfun/study/aoi-turtlebot3_ws/install/teleop_wiiboard/share/teleop_wiiboard/hook/pythonpath.dsv'
[1.996s] INFO:colcon.colcon_core.shell:Creating environment hook '/home/ossfun/study/aoi-turtlebot3_ws/install/teleop_wiiboard/share/teleop_wiiboard/hook/pythonpath.sh'
[1.997s] Level 1:colcon.colcon_core.environment:checking '/home/ossfun/study/aoi-turtlebot3_ws/install/teleop_wiiboard/bin'
[1.997s] Level 1:colcon.colcon_core.environment:create_environment_scripts_only(teleop_wiiboard)
[1.998s] INFO:colcon.colcon_core.shell:Creating package script '/home/ossfun/study/aoi-turtlebot3_ws/install/teleop_wiiboard/share/teleop_wiiboard/package.ps1'
[1.999s] INFO:colcon.colcon_core.shell:Creating package descriptor '/home/ossfun/study/aoi-turtlebot3_ws/install/teleop_wiiboard/share/teleop_wiiboard/package.dsv'
[1.999s] INFO:colcon.colcon_core.shell:Creating package script '/home/ossfun/study/aoi-turtlebot3_ws/install/teleop_wiiboard/share/teleop_wiiboard/package.sh'
[2.000s] INFO:colcon.colcon_core.shell:Creating package script '/home/ossfun/study/aoi-turtlebot3_ws/install/teleop_wiiboard/share/teleop_wiiboard/package.bash'
[2.000s] INFO:colcon.colcon_core.shell:Creating package script '/home/ossfun/study/aoi-turtlebot3_ws/install/teleop_wiiboard/share/teleop_wiiboard/package.zsh'
[2.000s] Level 1:colcon.colcon_core.environment:create_file_with_runtime_dependencies(/home/ossfun/study/aoi-turtlebot3_ws/install/teleop_wiiboard/share/colcon-core/packages/teleop_wiiboard)
[2.001s] DEBUG:colcon.colcon_parallel_executor.executor.parallel:closing loop
[2.001s] DEBUG:colcon.colcon_parallel_executor.executor.parallel:loop closed
[2.001s] DEBUG:colcon.colcon_parallel_executor.executor.parallel:run_until_complete finished with '0'
[2.001s] DEBUG:colcon.colcon_core.event_reactor:joining thread
[2.010s] INFO:colcon.colcon_core.plugin_system:Skipping extension 'colcon_notification.desktop_notification.terminal_notifier': Not used on non-Darwin systems
[2.010s] INFO:colcon.colcon_core.plugin_system:Skipping extension 'colcon_notification.desktop_notification.win32': Not used on non-Windows systems
[2.010s] INFO:colcon.colcon_notification.desktop_notification:Sending desktop notification using 'notify2'
[2.019s] DEBUG:colcon.colcon_core.event_reactor:joined thread
[2.021s] INFO:colcon.colcon_core.shell:Creating prefix script '/home/ossfun/study/aoi-turtlebot3_ws/install/local_setup.ps1'
[2.022s] INFO:colcon.colcon_core.shell:Creating prefix util module '/home/ossfun/study/aoi-turtlebot3_ws/install/_local_setup_util_ps1.py'
[2.023s] INFO:colcon.colcon_core.shell:Creating prefix chain script '/home/ossfun/study/aoi-turtlebot3_ws/install/setup.ps1'
[2.032s] INFO:colcon.colcon_core.shell:Creating prefix script '/home/ossfun/study/aoi-turtlebot3_ws/install/local_setup.sh'
[2.032s] INFO:colcon.colcon_core.shell:Creating prefix util module '/home/ossfun/study/aoi-turtlebot3_ws/install/_local_setup_util_sh.py'
[2.033s] INFO:colcon.colcon_core.shell:Creating prefix chain script '/home/ossfun/study/aoi-turtlebot3_ws/install/setup.sh'
[2.040s] INFO:colcon.colcon_core.shell:Creating prefix script '/home/ossfun/study/aoi-turtlebot3_ws/install/local_setup.bash'
[2.040s] INFO:colcon.colcon_core.shell:Creating prefix chain script '/home/ossfun/study/aoi-turtlebot3_ws/install/setup.bash'
[2.049s] INFO:colcon.colcon_core.shell:Creating prefix script '/home/ossfun/study/aoi-turtlebot3_ws/install/local_setup.zsh'
[2.049s] INFO:colcon.colcon_core.shell:Creating prefix chain script '/home/ossfun/study/aoi-turtlebot3_ws/install/setup.zsh'
