running egg_info
writing ../../../build/teleop_wiiboard/teleop_wiiboard.egg-info/PKG-INFO
writing dependency_links to ../../../build/teleop_wiiboard/teleop_wiiboard.egg-info/dependency_links.txt
writing entry points to ../../../build/teleop_wiiboard/teleop_wiiboard.egg-info/entry_points.txt
writing requirements to ../../../build/teleop_wiiboard/teleop_wiiboard.egg-info/requires.txt
writing top-level names to ../../../build/teleop_wiiboard/teleop_wiiboard.egg-info/top_level.txt
reading manifest file '../../../build/teleop_wiiboard/teleop_wiiboard.egg-info/SOURCES.txt'
writing manifest file '../../../build/teleop_wiiboard/teleop_wiiboard.egg-info/SOURCES.txt'
running build
running build_py
copying teleop_wiiboard/script/teleop_wiiboard.py -> /home/ossfun/study/aoi-turtlebot3_ws/build/teleop_wiiboard/build/lib/teleop_wiiboard/script
running install
/usr/lib/python3/dist-packages/setuptools/command/install.py:34: SetuptoolsDeprecationWarning: setup.py install is deprecated. Use build and pip and other standards-based tools.
  warnings.warn(
running install_lib
copying /home/ossfun/study/aoi-turtlebot3_ws/build/teleop_wiiboard/build/lib/teleop_wiiboard/script/teleop_wiiboard.py -> /home/ossfun/study/aoi-turtlebot3_ws/install/teleop_wiiboard/lib/python3.10/site-packages/teleop_wiiboard/script
byte-compiling /home/ossfun/study/aoi-turtlebot3_ws/install/teleop_wiiboard/lib/python3.10/site-packages/teleop_wiiboard/script/teleop_wiiboard.py to teleop_wiiboard.cpython-310.pyc
Sorry: IndentationError: unindent does not match any outer indentation level (teleop_wiiboard.py, line 191)
running install_data
running install_egg_info
removing '/home/ossfun/study/aoi-turtlebot3_ws/install/teleop_wiiboard/lib/python3.10/site-packages/teleop_wiiboard-1.0.0-py3.10.egg-info' (and everything under it)
Copying ../../../build/teleop_wiiboard/teleop_wiiboard.egg-info to /home/ossfun/study/aoi-turtlebot3_ws/install/teleop_wiiboard/lib/python3.10/site-packages/teleop_wiiboard-1.0.0-py3.10.egg-info
running install_scripts
Installing teleop_wiiboard script to /home/ossfun/study/aoi-turtlebot3_ws/install/teleop_wiiboard/lib/teleop_wiiboard
writing list of installed files to '/home/ossfun/study/aoi-turtlebot3_ws/build/teleop_wiiboard/install.log'
