[0.977s] Invoking command in '/home/ossfun/study/aoi-turtlebot3_ws/ros2_ws/src/teleop_wiiboard': PYTHONPATH=/home/ossfun/study/aoi-turtlebot3_ws/build/teleop_wiiboard/prefix_override:/home/ossfun/study/aoi-turtlebot3_ws/install/teleop_wiiboard/lib/python3.10/site-packages:${PYTHONPATH} /usr/bin/python3 setup.py egg_info --egg-base ../../../build/teleop_wiiboard build --build-base /home/ossfun/study/aoi-turtlebot3_ws/build/teleop_wiiboard/build install --record /home/ossfun/study/aoi-turtlebot3_ws/build/teleop_wiiboard/install.log --single-version-externally-managed
[1.341s] running egg_info
[1.342s] writing ../../../build/teleop_wiiboard/teleop_wiiboard.egg-info/PKG-INFO
[1.342s] writing dependency_links to ../../../build/teleop_wiiboard/teleop_wiiboard.egg-info/dependency_links.txt
[1.342s] writing entry points to ../../../build/teleop_wiiboard/teleop_wiiboard.egg-info/entry_points.txt
[1.342s] writing requirements to ../../../build/teleop_wiiboard/teleop_wiiboard.egg-info/requires.txt
[1.342s] writing top-level names to ../../../build/teleop_wiiboard/teleop_wiiboard.egg-info/top_level.txt
[1.343s] reading manifest file '../../../build/teleop_wiiboard/teleop_wiiboard.egg-info/SOURCES.txt'
[1.344s] writing manifest file '../../../build/teleop_wiiboard/teleop_wiiboard.egg-info/SOURCES.txt'
[1.344s] running build
[1.344s] running build_py
[1.344s] copying teleop_wiiboard/script/teleop_wiiboard.py -> /home/ossfun/study/aoi-turtlebot3_ws/build/teleop_wiiboard/build/lib/teleop_wiiboard/script
[1.344s] running install
[1.345s] /usr/lib/python3/dist-packages/setuptools/command/install.py:34: SetuptoolsDeprecationWarning: setup.py install is deprecated. Use build and pip and other standards-based tools.
[1.345s]   warnings.warn(
[1.345s] running install_lib
[1.345s] copying /home/ossfun/study/aoi-turtlebot3_ws/build/teleop_wiiboard/build/lib/teleop_wiiboard/script/teleop_wiiboard.py -> /home/ossfun/study/aoi-turtlebot3_ws/install/teleop_wiiboard/lib/python3.10/site-packages/teleop_wiiboard/script
[1.347s] byte-compiling /home/ossfun/study/aoi-turtlebot3_ws/install/teleop_wiiboard/lib/python3.10/site-packages/teleop_wiiboard/script/teleop_wiiboard.py to teleop_wiiboard.cpython-310.pyc
[1.348s] running install_data
[1.349s] running install_egg_info
[1.351s] removing '/home/ossfun/study/aoi-turtlebot3_ws/install/teleop_wiiboard/lib/python3.10/site-packages/teleop_wiiboard-1.0.0-py3.10.egg-info' (and everything under it)
[1.351s] Copying ../../../build/teleop_wiiboard/teleop_wiiboard.egg-info to /home/ossfun/study/aoi-turtlebot3_ws/install/teleop_wiiboard/lib/python3.10/site-packages/teleop_wiiboard-1.0.0-py3.10.egg-info
[1.351s] running install_scripts
[1.379s] Installing teleop_wiiboard script to /home/ossfun/study/aoi-turtlebot3_ws/install/teleop_wiiboard/lib/teleop_wiiboard
[1.379s] writing list of installed files to '/home/ossfun/study/aoi-turtlebot3_ws/build/teleop_wiiboard/install.log'
[1.398s] Invoked command in '/home/ossfun/study/aoi-turtlebot3_ws/ros2_ws/src/teleop_wiiboard' returned '0': PYTHONPATH=/home/ossfun/study/aoi-turtlebot3_ws/build/teleop_wiiboard/prefix_override:/home/ossfun/study/aoi-turtlebot3_ws/install/teleop_wiiboard/lib/python3.10/site-packages:${PYTHONPATH} /usr/bin/python3 setup.py egg_info --egg-base ../../../build/teleop_wiiboard build --build-base /home/ossfun/study/aoi-turtlebot3_ws/build/teleop_wiiboard/build install --record /home/ossfun/study/aoi-turtlebot3_ws/build/teleop_wiiboard/install.log --single-version-externally-managed
