-- The C compiler identification is GNU 11.3.0
-- The CXX compiler identification is GNU 11.3.0
-- Detecting C compiler ABI info
-- Detecting C compiler ABI info - done
-- Check for working C compiler: /usr/bin/cc - skipped
-- Detecting C compile features
-- Detecting C compile features - done
-- Detecting CXX compiler ABI info
-- Detecting CXX compiler ABI info - done
-- Check for working CXX compiler: /usr/bin/c++ - skipped
-- Detecting CXX compile features
-- Detecting CXX compile features - done
-- Found ament_cmake: 1.3.3 (/home/ossfun/ros2_humble/install/ament_cmake/share/ament_cmake/cmake)
-- Found Python3: /usr/bin/python3.10 (found version "3.10.6") found components: Interpreter 
-- Override CMake install command with custom implementation using symlinks instead of copying resources
-- Configuring done
-- Generating done
-- Build files have been written to: /home/ossfun/study/aoi-turtlebot3_ws/ros2_ws/build/turtlebot3_simulations
-- Install configuration: ""
-- Execute custom install script
-- Symlinking: /home/ossfun/study/aoi-turtlebot3_ws/ros2_ws/install/turtlebot3_simulations/share/ament_index/resource_index/package_run_dependencies/turtlebot3_simulations
-- Symlinking: /home/ossfun/study/aoi-turtlebot3_ws/ros2_ws/install/turtlebot3_simulations/share/ament_index/resource_index/parent_prefix_path/turtlebot3_simulations
-- Symlinking: /home/ossfun/study/aoi-turtlebot3_ws/ros2_ws/install/turtlebot3_simulations/share/turtlebot3_simulations/environment/ament_prefix_path.sh
-- Symlinking: /home/ossfun/study/aoi-turtlebot3_ws/ros2_ws/install/turtlebot3_simulations/share/turtlebot3_simulations/environment/ament_prefix_path.dsv
-- Symlinking: /home/ossfun/study/aoi-turtlebot3_ws/ros2_ws/install/turtlebot3_simulations/share/turtlebot3_simulations/environment/path.sh
-- Symlinking: /home/ossfun/study/aoi-turtlebot3_ws/ros2_ws/install/turtlebot3_simulations/share/turtlebot3_simulations/environment/path.dsv
-- Symlinking: /home/ossfun/study/aoi-turtlebot3_ws/ros2_ws/install/turtlebot3_simulations/share/turtlebot3_simulations/local_setup.bash
-- Symlinking: /home/ossfun/study/aoi-turtlebot3_ws/ros2_ws/install/turtlebot3_simulations/share/turtlebot3_simulations/local_setup.sh
-- Symlinking: /home/ossfun/study/aoi-turtlebot3_ws/ros2_ws/install/turtlebot3_simulations/share/turtlebot3_simulations/local_setup.zsh
-- Symlinking: /home/ossfun/study/aoi-turtlebot3_ws/ros2_ws/install/turtlebot3_simulations/share/turtlebot3_simulations/local_setup.dsv
-- Symlinking: /home/ossfun/study/aoi-turtlebot3_ws/ros2_ws/install/turtlebot3_simulations/share/turtlebot3_simulations/package.dsv
-- Symlinking: /home/ossfun/study/aoi-turtlebot3_ws/ros2_ws/install/turtlebot3_simulations/share/ament_index/resource_index/packages/turtlebot3_simulations
-- Symlinking: /home/ossfun/study/aoi-turtlebot3_ws/ros2_ws/install/turtlebot3_simulations/share/turtlebot3_simulations/cmake/turtlebot3_simulationsConfig.cmake
-- Symlinking: /home/ossfun/study/aoi-turtlebot3_ws/ros2_ws/install/turtlebot3_simulations/share/turtlebot3_simulations/cmake/turtlebot3_simulationsConfig-version.cmake
-- Symlinking: /home/ossfun/study/aoi-turtlebot3_ws/ros2_ws/install/turtlebot3_simulations/share/turtlebot3_simulations/package.xml
