[1.013s] Invoking command in '/home/ossfun/study/aoi-turtlebot3_ws/ros2_ws/src/build/teleop_wiiboard': PYTHONPATH=/home/ossfun/study/aoi-turtlebot3_ws/ros2_ws/src/build/teleop_wiiboard/prefix_override:/home/ossfun/study/aoi-turtlebot3_ws/ros2_ws/src/install/teleop_wiiboard/lib/python3.10/site-packages:${PYTHONPATH} /usr/bin/python3 setup.py develop --editable --build-directory /home/ossfun/study/aoi-turtlebot3_ws/ros2_ws/src/build/teleop_wiiboard/build --no-deps install_data
[1.412s] running develop
[1.413s] /usr/lib/python3/dist-packages/setuptools/command/easy_install.py:158: EasyInstallDeprecationWarning: easy_install command is deprecated. Use build and pip and other standards-based tools.
[1.413s]   warnings.warn(
[1.414s] /usr/lib/python3/dist-packages/setuptools/command/install.py:34: SetuptoolsDeprecationWarning: setup.py install is deprecated. Use build and pip and other standards-based tools.
[1.414s]   warnings.warn(
[1.522s] /usr/lib/python3/dist-packages/pkg_resources/__init__.py:116: PkgResourcesDeprecationWarning: 1.16.0-unknown is an invalid version and will not be supported in a future release
[1.522s]   warnings.warn(
[1.522s] /usr/lib/python3/dist-packages/pkg_resources/__init__.py:116: PkgResourcesDeprecationWarning: 0.1.43ubuntu1 is an invalid version and will not be supported in a future release
[1.522s]   warnings.warn(
[1.522s] /usr/lib/python3/dist-packages/pkg_resources/__init__.py:116: PkgResourcesDeprecationWarning: 1.1build1 is an invalid version and will not be supported in a future release
[1.522s]   warnings.warn(
[1.676s] running egg_info
[1.676s] writing teleop_wiiboard.egg-info/PKG-INFO
[1.677s] writing dependency_links to teleop_wiiboard.egg-info/dependency_links.txt
[1.677s] writing entry points to teleop_wiiboard.egg-info/entry_points.txt
[1.677s] writing requirements to teleop_wiiboard.egg-info/requires.txt
[1.677s] writing top-level names to teleop_wiiboard.egg-info/top_level.txt
[1.679s] reading manifest file 'teleop_wiiboard.egg-info/SOURCES.txt'
[1.680s] writing manifest file 'teleop_wiiboard.egg-info/SOURCES.txt'
[1.683s] running build_ext
[1.683s] Creating /home/ossfun/study/aoi-turtlebot3_ws/ros2_ws/src/install/teleop_wiiboard/lib/python3.10/site-packages/teleop-wiiboard.egg-link (link to .)
[1.684s] Installing teleop_wiiboard script to /home/ossfun/study/aoi-turtlebot3_ws/ros2_ws/src/install/teleop_wiiboard/lib/teleop_wiiboard
[1.684s] 
[1.684s] Installed /home/ossfun/study/aoi-turtlebot3_ws/ros2_ws/src/build/teleop_wiiboard
[1.684s] running install_data
[1.723s] Invoked command in '/home/ossfun/study/aoi-turtlebot3_ws/ros2_ws/src/build/teleop_wiiboard' returned '0': PYTHONPATH=/home/ossfun/study/aoi-turtlebot3_ws/ros2_ws/src/build/teleop_wiiboard/prefix_override:/home/ossfun/study/aoi-turtlebot3_ws/ros2_ws/src/install/teleop_wiiboard/lib/python3.10/site-packages:${PYTHONPATH} /usr/bin/python3 setup.py develop --editable --build-directory /home/ossfun/study/aoi-turtlebot3_ws/ros2_ws/src/build/teleop_wiiboard/build --no-deps install_data
