[0.072s] Invoking command in '/home/ossfun/study/aoi-turtlebot3_ws/ros2_ws/src/build/turtlebot3_gazebo': CMAKE_PREFIX_PATH=${CMAKE_PREFIX_PATH}:/home/ossfun/turtlebot3_ws/install/turtlebot3_teleop:/home/ossfun/turtlebot3_ws/install/turtlebot3_example:/opt/ros/humble:/home/ossfun/ros2_humble/install/rqt_bag_plugins:/home/ossfun/ros2_humble/install/rqt_bag:/home/ossfun/ros2_humble/install/ros2bag:/home/ossfun/ros2_humble/install/tracetools_test:/home/ossfun/ros2_humble/install/tracetools_launch:/home/ossfun/ros2_humble/install/topic_monitor:/home/ossfun/ros2_humble/install/tf2_tools:/home/ossfun/ros2_humble/install/examples_tf2_py:/home/ossfun/ros2_humble/install/tf2_ros_py:/home/ossfun/ros2_humble/install/sros2:/home/ossfun/ros2_humble/install/rqt_topic:/home/ossfun/ros2_humble/install/rqt_srv:/home/ossfun/ros2_humble/install/rqt_shell:/home/ossfun/ros2_humble/install/rqt_service_caller:/home/ossfun/ros2_humble/install/rqt_reconfigure:/home/ossfun/ros2_humble/install/rqt_py_console:/home/ossfun/ros2_humble/install/rqt_publisher:/home/ossfun/ros2_humble/install/rqt_plot:/home/ossfun/ros2_humble/install/rqt_action:/home/ossfun/ros2_humble/install/rqt_msg:/home/ossfun/ros2_humble/install/rqt_console:/home/ossfun/ros2_humble/install/rqt:/home/ossfun/ros2_humble/install/rqt_graph:/home/ossfun/ros2_humble/install/rqt_gui_py:/home/ossfun/ros2_humble/install/rqt_gui:/home/ossfun/ros2_humble/install/ros2trace:/home/ossfun/ros2_humble/install/ros2topic:/home/ossfun/ros2_humble/install/ros2test:/home/ossfun/ros2_humble/install/ros2component:/home/ossfun/ros2_humble/install/ros2param:/home/ossfun/ros2_humble/install/ros2lifecycle:/home/ossfun/ros2_humble/install/ros2service:/home/ossfun/ros2_humble/install/ros2run:/home/ossfun/ros2_humble/install/ros2launch:/home/ossfun/ros2_humble/install/ros2pkg:/home/ossfun/ros2_humble/install/ros2node:/home/ossfun/ros2_humble/install/ros2multicast:/home/ossfun/ros2_humble/install/ros2interface:/home/ossfun/ros2_humble/install/ros2doctor:/home/ossfun/ros2_humble/install/ros2action:/home/ossfun/ros2_humble/install/ros2cli:/home/ossfun/ros2_humble/install/quality_of_service_demo_py:/home/ossfun/ros2_humble/install/lifecycle_py:/home/ossfun/ros2_humble/install/launch_testing_ros:/home/ossfun/ros2_humble/install/launch_ros:/home/ossfun/ros2_humble/install/examples_rclpy_pointcloud_publisher:/home/ossfun/ros2_humble/install/examples_rclpy_minimal_subscriber:/home/ossfun/ros2_humble/install/examples_rclpy_minimal_service:/home/ossfun/ros2_humble/install/examples_rclpy_minimal_publisher:/home/ossfun/ros2_humble/install/examples_rclpy_minimal_client:/home/ossfun/ros2_humble/install/examples_rclpy_minimal_action_server:/home/ossfun/ros2_humble/install/examples_rclpy_minimal_action_client:/home/ossfun/ros2_humble/install/examples_rclpy_guard_conditions:/home/ossfun/ros2_humble/install/examples_rclpy_executors:/home/ossfun/ros2_humble/install/demo_nodes_py:/home/ossfun/ros2_humble/install/action_tutorials_py:/home/ossfun/ros2_humble/install/ament_uncrustify:/home/ossfun/ros2_humble/install/tracetools_trace:/home/ossfun/ros2_humble/install/tracetools_read:/home/ossfun/ros2_humble/install/test_tracetools_launch:/home/ossfun/ros2_humble/install/test_launch_ros:/home/ossfun/ros2_humble/install/sensor_msgs_py:/home/ossfun/ros2_humble/install/rpyutils:/home/ossfun/ros2_humble/install/rosidl_runtime_py:/home/ossfun/ros2_humble/install/rosidl_cli:/home/ossfun/ros2_humble/install/launch_pytest:/home/ossfun/ros2_humble/install/launch_testing:/home/ossfun/ros2_humble/install/launch_yaml:/home/ossfun/ros2_humble/install/launch_xml:/home/ossfun/ros2_humble/install/launch:/home/ossfun/ros2_humble/install/osrf_pycommon:/home/ossfun/ros2_humble/install/launch_testing_examples:/home/ossfun/ros2_humble/install/domain_coordinator:/home/ossfun/ros2_humble/install/ament_xmllint:/home/ossfun/ros2_humble/install/ament_pyflakes:/home/ossfun/ros2_humble/install/ament_pycodestyle:/home/ossfun/ros2_humble/install/ament_pep257:/home/ossfun/ros2_humble/install/ament_pclint:/home/ossfun/ros2_humble/install/ament_package:/home/ossfun/ros2_humble/install/ament_mypy:/home/ossfun/ros2_humble/install/ament_lint_cmake:/home/ossfun/ros2_humble/install/ament_flake8:/home/ossfun/ros2_humble/install/ament_copyright:/home/ossfun/ros2_humble/install/ament_lint:/home/ossfun/ros2_humble/install/ament_index_python:/home/ossfun/ros2_humble/install/ament_cpplint:/home/ossfun/ros2_humble/install/ament_cppcheck:/home/ossfun/ros2_humble/install/ament_clang_tidy:/home/ossfun/ros2_humble/install/ament_clang_format /usr/bin/cmake /home/ossfun/study/aoi-turtlebot3_ws/ros2_ws/src/turtlebot3_simulations/turtlebot3_gazebo -DAMENT_CMAKE_SYMLINK_INSTALL=1 -DCMAKE_INSTALL_PREFIX=/home/ossfun/study/aoi-turtlebot3_ws/ros2_ws/src/install/turtlebot3_gazebo
[0.491s] -- The C compiler identification is GNU 11.3.0
[0.492s] -- The CXX compiler identification is GNU 11.3.0
[0.492s] -- Detecting C compiler ABI info
[0.492s] -- Detecting C compiler ABI info - done
[0.492s] -- Check for working C compiler: /usr/bin/cc - skipped
[0.492s] -- Detecting C compile features
[0.492s] -- Detecting C compile features - done
[0.492s] -- Detecting CXX compiler ABI info
[0.492s] -- Detecting CXX compiler ABI info - done
[0.492s] -- Check for working CXX compiler: /usr/bin/c++ - skipped
[0.492s] -- Detecting CXX compile features
[0.492s] -- Detecting CXX compile features - done
[0.492s] -- Found ament_cmake: 1.3.3 (/home/ossfun/ros2_humble/install/ament_cmake/share/ament_cmake/cmake)
[0.869s] -- Found Python3: /usr/bin/python3.10 (found version "3.10.6") found components: Interpreter 
[1.013s] -- Override CMake install command with custom implementation using symlinks instead of copying resources
[1.215s] [33mCMake Warning (dev) at /usr/share/cmake-3.22/Modules/FindPackageHandleStandardArgs.cmake:438 (message):
[1.216s]   The package name passed to `find_package_handle_standard_args` (PkgConfig)
[1.216s]   does not match the name of the calling package (gazebo).  This can lead to
[1.216s]   problems in calling code that expects `find_package` result variables
[1.216s]   (e.g., `_FOUND`) to follow a certain pattern.
[1.216s] Call Stack (most recent call first):
[1.216s]   /usr/share/cmake-3.22/Modules/FindPkgConfig.cmake:99 (find_package_handle_standard_args)
[1.216s]   /usr/lib/x86_64-linux-gnu/cmake/gazebo/gazebo-config.cmake:72 (include)
[1.216s]   CMakeLists.txt:23 (find_package)
[1.216s] This warning is for project developers.  Use -Wno-dev to suppress it.
[1.216s] [0m
[1.216s] -- Found PkgConfig: /usr/bin/pkg-config (found version "0.29.2") 
[1.218s] -- Checking for module 'bullet>=2.82'
[1.250s] --   Found bullet, version 3.05
[1.471s] -- Found fcl: /usr/include (found suitable version "0.7.0", minimum required is "0.5.0") 
[1.562s] -- Found assimp: /usr/include (found version "5.2.0") 
[1.661s] -- Found DART: /usr/include (Required is at least version "6.6") found components: dart 
[1.960s] -- Found Boost: /usr/lib/x86_64-linux-gnu/cmake/Boost-1.74.0/BoostConfig.cmake (found suitable version "1.74.0", minimum required is "1.40.0") found components: thread system filesystem program_options regex iostreams date_time 
[1.996s] -- Found Protobuf: /usr/lib/x86_64-linux-gnu/libprotobuf.so (found version "3.12.4") 
[2.032s] -- Looking for ignition-math6 -- found version 6.12.0
[2.054s] -- Searching for dependencies of ignition-math6
[2.055s] -- Looking for OGRE...
[2.055s] -- OGRE_PREFIX_WATCH changed.
[2.060s] -- Checking for module 'OGRE'
[2.094s] --   Found OGRE, version 1.9.0
[2.143s] -- Found Ogre Ghadamon (1.9.0)
[2.182s] -- Found OGRE: optimized;/usr/lib/x86_64-linux-gnu/libOgreMain.so;debug;/usr/lib/x86_64-linux-gnu/libOgreMain.so
[2.188s] -- Looking for OGRE_Paging...
[2.224s] -- Found OGRE_Paging: optimized;/usr/lib/x86_64-linux-gnu/libOgrePaging.so;debug;/usr/lib/x86_64-linux-gnu/libOgrePaging.so
[2.225s] -- Looking for OGRE_Terrain...
[2.254s] -- Found OGRE_Terrain: optimized;/usr/lib/x86_64-linux-gnu/libOgreTerrain.so;debug;/usr/lib/x86_64-linux-gnu/libOgreTerrain.so
[2.254s] -- Looking for OGRE_Property...
[2.283s] -- Found OGRE_Property: optimized;/usr/lib/x86_64-linux-gnu/libOgreProperty.so;debug;/usr/lib/x86_64-linux-gnu/libOgreProperty.so
[2.283s] -- Looking for OGRE_RTShaderSystem...
[2.311s] -- Found OGRE_RTShaderSystem: optimized;/usr/lib/x86_64-linux-gnu/libOgreRTShaderSystem.so;debug;/usr/lib/x86_64-linux-gnu/libOgreRTShaderSystem.so
[2.311s] -- Looking for OGRE_Volume...
[2.337s] -- Found OGRE_Volume: optimized;/usr/lib/x86_64-linux-gnu/libOgreVolume.so;debug;/usr/lib/x86_64-linux-gnu/libOgreVolume.so
[2.337s] -- Looking for OGRE_Overlay...
[2.366s] -- Found OGRE_Overlay: optimized;/usr/lib/x86_64-linux-gnu/libOgreOverlay.so;debug;/usr/lib/x86_64-linux-gnu/libOgreOverlay.so
[3.072s] -- Looking for ignition-math6 -- found version 6.12.0
[3.090s] -- Looking for ignition-transport8 -- found version 8.2.1
[3.090s] -- Searching for dependencies of ignition-transport8
[3.122s] -- Found Protobuf: /usr/lib/x86_64-linux-gnu/libprotobuf.so (found suitable version "3.12.4", minimum required is "3") 
[3.146s] -- Config-file not installed for ZeroMQ -- checking for pkg-config
[3.151s] -- Checking for module 'libzmq >= 4'
[3.183s] --   Found libzmq , version 4.3.4
[3.234s] -- Found ZeroMQ: TRUE (Required is at least version "4") 
[3.242s] -- Checking for module 'uuid'
[3.273s] --   Found uuid, version 2.37.2
[3.317s] -- Found UUID: TRUE  
[3.335s] -- Looking for ignition-msgs5 -- found version 5.8.1
[3.335s] -- Searching for dependencies of ignition-msgs5
[3.370s] -- Looking for ignition-math6 -- found version 6.12.0
[3.375s] -- Checking for module 'tinyxml2'
[3.408s] --   Found tinyxml2, version 9.0.0
[3.453s] -- Looking for ignition-msgs5 -- found version 5.8.1
[3.470s] -- Looking for ignition-common3 -- found version 3.14.0
[3.471s] -- Searching for dependencies of ignition-common3
[3.473s] -- Looking for dlfcn.h - found
[3.477s] -- Looking for libdl - found
[3.478s] -- Found DL: TRUE  
[3.511s] -- Found tinyobjloader: /usr/lib/x86_64-linux-gnu/cmake/tinyobjloader/tinyobjloader-config.cmake (found version "2.0.0") 
[3.511s] -- Searching for <ignition-common3> component [graphics]
[3.529s] -- Looking for ignition-common3-graphics -- found version 3.14.0
[3.529s] -- Searching for dependencies of ignition-common3-graphics
[3.529s] -- Looking for ignition-math6 -- found version 6.12.0
[3.549s] -- Looking for ignition-fuel_tools4 -- found version 4.4.0
[3.549s] -- Searching for dependencies of ignition-fuel_tools4
[3.695s] -- Found CURL: /usr/lib/x86_64-linux-gnu/libcurl.so (found version "7.81.0")  
[3.722s] -- Checking for module 'jsoncpp'
[3.755s] --   Found jsoncpp, version 1.9.5
[3.800s] -- Found JSONCPP: TRUE  
[3.817s] -- Checking for module 'libzip'
[3.851s] --   Found libzip, version 1.7.3
[3.896s] -- Found ZIP: TRUE  
[3.896s] -- Looking for ignition-common3 -- found version 3.14.0
[3.896s] -- Looking for ignition-math6 -- found version 6.12.0
[3.897s] -- Looking for ignition-msgs5 -- found version 5.8.1
[3.930s] -- Found gazebo_ros_pkgs: 3.7.0 (/opt/ros/humble/share/gazebo_ros_pkgs/cmake)
[3.937s] -- Found geometry_msgs: 4.2.3 (/home/ossfun/ros2_humble/install/geometry_msgs/share/geometry_msgs/cmake)
[4.049s] -- Found rosidl_generator_c: 3.1.4 (/home/ossfun/ros2_humble/install/rosidl_generator_c/share/rosidl_generator_c/cmake)
[4.070s] -- Found rosidl_adapter: 3.1.4 (/home/ossfun/ros2_humble/install/rosidl_adapter/share/rosidl_adapter/cmake)
[4.093s] -- Found rosidl_generator_cpp: 3.1.4 (/home/ossfun/ros2_humble/install/rosidl_generator_cpp/share/rosidl_generator_cpp/cmake)
[4.141s] -- Using all available rosidl_typesupport_c: rosidl_typesupport_fastrtps_c;rosidl_typesupport_introspection_c
[4.203s] -- Using all available rosidl_typesupport_cpp: rosidl_typesupport_fastrtps_cpp;rosidl_typesupport_introspection_cpp
[4.333s] -- Found nav_msgs: 4.2.3 (/home/ossfun/ros2_humble/install/nav_msgs/share/nav_msgs/cmake)
[4.398s] -- Found rclcpp: 16.0.3 (/home/ossfun/ros2_humble/install/rclcpp/share/rclcpp/cmake)
[4.511s] -- Found rmw_implementation_cmake: 6.1.1 (/home/ossfun/ros2_humble/install/rmw_implementation_cmake/share/rmw_implementation_cmake/cmake)
[4.539s] -- Found rmw_fastrtps_cpp: 6.2.2 (/home/ossfun/ros2_humble/install/rmw_fastrtps_cpp/share/rmw_fastrtps_cpp/cmake)
[4.729s] -- Found OpenSSL: /usr/lib/x86_64-linux-gnu/libcrypto.so (found version "3.0.2")  
[4.782s] -- Found FastRTPS: /home/ossfun/ros2_humble/install/fastrtps/include  
[4.881s] -- Using RMW implementation 'rmw_fastrtps_cpp' as default
[4.920s] -- Found Threads: TRUE  
[5.053s] -- Found sensor_msgs: 4.2.3 (/home/ossfun/ros2_humble/install/sensor_msgs/share/sensor_msgs/cmake)
[5.120s] -- Found tf2: 0.25.2 (/home/ossfun/ros2_humble/install/tf2/share/tf2/cmake)
[5.329s] -- Configuring done
[5.352s] -- Generating done
[5.353s] -- Build files have been written to: /home/ossfun/study/aoi-turtlebot3_ws/ros2_ws/src/build/turtlebot3_gazebo
[5.368s] Invoked command in '/home/ossfun/study/aoi-turtlebot3_ws/ros2_ws/src/build/turtlebot3_gazebo' returned '0': CMAKE_PREFIX_PATH=${CMAKE_PREFIX_PATH}:/home/ossfun/turtlebot3_ws/install/turtlebot3_teleop:/home/ossfun/turtlebot3_ws/install/turtlebot3_example:/opt/ros/humble:/home/ossfun/ros2_humble/install/rqt_bag_plugins:/home/ossfun/ros2_humble/install/rqt_bag:/home/ossfun/ros2_humble/install/ros2bag:/home/ossfun/ros2_humble/install/tracetools_test:/home/ossfun/ros2_humble/install/tracetools_launch:/home/ossfun/ros2_humble/install/topic_monitor:/home/ossfun/ros2_humble/install/tf2_tools:/home/ossfun/ros2_humble/install/examples_tf2_py:/home/ossfun/ros2_humble/install/tf2_ros_py:/home/ossfun/ros2_humble/install/sros2:/home/ossfun/ros2_humble/install/rqt_topic:/home/ossfun/ros2_humble/install/rqt_srv:/home/ossfun/ros2_humble/install/rqt_shell:/home/ossfun/ros2_humble/install/rqt_service_caller:/home/ossfun/ros2_humble/install/rqt_reconfigure:/home/ossfun/ros2_humble/install/rqt_py_console:/home/ossfun/ros2_humble/install/rqt_publisher:/home/ossfun/ros2_humble/install/rqt_plot:/home/ossfun/ros2_humble/install/rqt_action:/home/ossfun/ros2_humble/install/rqt_msg:/home/ossfun/ros2_humble/install/rqt_console:/home/ossfun/ros2_humble/install/rqt:/home/ossfun/ros2_humble/install/rqt_graph:/home/ossfun/ros2_humble/install/rqt_gui_py:/home/ossfun/ros2_humble/install/rqt_gui:/home/ossfun/ros2_humble/install/ros2trace:/home/ossfun/ros2_humble/install/ros2topic:/home/ossfun/ros2_humble/install/ros2test:/home/ossfun/ros2_humble/install/ros2component:/home/ossfun/ros2_humble/install/ros2param:/home/ossfun/ros2_humble/install/ros2lifecycle:/home/ossfun/ros2_humble/install/ros2service:/home/ossfun/ros2_humble/install/ros2run:/home/ossfun/ros2_humble/install/ros2launch:/home/ossfun/ros2_humble/install/ros2pkg:/home/ossfun/ros2_humble/install/ros2node:/home/ossfun/ros2_humble/install/ros2multicast:/home/ossfun/ros2_humble/install/ros2interface:/home/ossfun/ros2_humble/install/ros2doctor:/home/ossfun/ros2_humble/install/ros2action:/home/ossfun/ros2_humble/install/ros2cli:/home/ossfun/ros2_humble/install/quality_of_service_demo_py:/home/ossfun/ros2_humble/install/lifecycle_py:/home/ossfun/ros2_humble/install/launch_testing_ros:/home/ossfun/ros2_humble/install/launch_ros:/home/ossfun/ros2_humble/install/examples_rclpy_pointcloud_publisher:/home/ossfun/ros2_humble/install/examples_rclpy_minimal_subscriber:/home/ossfun/ros2_humble/install/examples_rclpy_minimal_service:/home/ossfun/ros2_humble/install/examples_rclpy_minimal_publisher:/home/ossfun/ros2_humble/install/examples_rclpy_minimal_client:/home/ossfun/ros2_humble/install/examples_rclpy_minimal_action_server:/home/ossfun/ros2_humble/install/examples_rclpy_minimal_action_client:/home/ossfun/ros2_humble/install/examples_rclpy_guard_conditions:/home/ossfun/ros2_humble/install/examples_rclpy_executors:/home/ossfun/ros2_humble/install/demo_nodes_py:/home/ossfun/ros2_humble/install/action_tutorials_py:/home/ossfun/ros2_humble/install/ament_uncrustify:/home/ossfun/ros2_humble/install/tracetools_trace:/home/ossfun/ros2_humble/install/tracetools_read:/home/ossfun/ros2_humble/install/test_tracetools_launch:/home/ossfun/ros2_humble/install/test_launch_ros:/home/ossfun/ros2_humble/install/sensor_msgs_py:/home/ossfun/ros2_humble/install/rpyutils:/home/ossfun/ros2_humble/install/rosidl_runtime_py:/home/ossfun/ros2_humble/install/rosidl_cli:/home/ossfun/ros2_humble/install/launch_pytest:/home/ossfun/ros2_humble/install/launch_testing:/home/ossfun/ros2_humble/install/launch_yaml:/home/ossfun/ros2_humble/install/launch_xml:/home/ossfun/ros2_humble/install/launch:/home/ossfun/ros2_humble/install/osrf_pycommon:/home/ossfun/ros2_humble/install/launch_testing_examples:/home/ossfun/ros2_humble/install/domain_coordinator:/home/ossfun/ros2_humble/install/ament_xmllint:/home/ossfun/ros2_humble/install/ament_pyflakes:/home/ossfun/ros2_humble/install/ament_pycodestyle:/home/ossfun/ros2_humble/install/ament_pep257:/home/ossfun/ros2_humble/install/ament_pclint:/home/ossfun/ros2_humble/install/ament_package:/home/ossfun/ros2_humble/install/ament_mypy:/home/ossfun/ros2_humble/install/ament_lint_cmake:/home/ossfun/ros2_humble/install/ament_flake8:/home/ossfun/ros2_humble/install/ament_copyright:/home/ossfun/ros2_humble/install/ament_lint:/home/ossfun/ros2_humble/install/ament_index_python:/home/ossfun/ros2_humble/install/ament_cpplint:/home/ossfun/ros2_humble/install/ament_cppcheck:/home/ossfun/ros2_humble/install/ament_clang_tidy:/home/ossfun/ros2_humble/install/ament_clang_format /usr/bin/cmake /home/ossfun/study/aoi-turtlebot3_ws/ros2_ws/src/turtlebot3_simulations/turtlebot3_gazebo -DAMENT_CMAKE_SYMLINK_INSTALL=1 -DCMAKE_INSTALL_PREFIX=/home/ossfun/study/aoi-turtlebot3_ws/ros2_ws/src/install/turtlebot3_gazebo
[5.370s] Invoking command in '/home/ossfun/study/aoi-turtlebot3_ws/ros2_ws/src/build/turtlebot3_gazebo': CMAKE_PREFIX_PATH=${CMAKE_PREFIX_PATH}:/home/ossfun/turtlebot3_ws/install/turtlebot3_teleop:/home/ossfun/turtlebot3_ws/install/turtlebot3_example:/opt/ros/humble:/home/ossfun/ros2_humble/install/rqt_bag_plugins:/home/ossfun/ros2_humble/install/rqt_bag:/home/ossfun/ros2_humble/install/ros2bag:/home/ossfun/ros2_humble/install/tracetools_test:/home/ossfun/ros2_humble/install/tracetools_launch:/home/ossfun/ros2_humble/install/topic_monitor:/home/ossfun/ros2_humble/install/tf2_tools:/home/ossfun/ros2_humble/install/examples_tf2_py:/home/ossfun/ros2_humble/install/tf2_ros_py:/home/ossfun/ros2_humble/install/sros2:/home/ossfun/ros2_humble/install/rqt_topic:/home/ossfun/ros2_humble/install/rqt_srv:/home/ossfun/ros2_humble/install/rqt_shell:/home/ossfun/ros2_humble/install/rqt_service_caller:/home/ossfun/ros2_humble/install/rqt_reconfigure:/home/ossfun/ros2_humble/install/rqt_py_console:/home/ossfun/ros2_humble/install/rqt_publisher:/home/ossfun/ros2_humble/install/rqt_plot:/home/ossfun/ros2_humble/install/rqt_action:/home/ossfun/ros2_humble/install/rqt_msg:/home/ossfun/ros2_humble/install/rqt_console:/home/ossfun/ros2_humble/install/rqt:/home/ossfun/ros2_humble/install/rqt_graph:/home/ossfun/ros2_humble/install/rqt_gui_py:/home/ossfun/ros2_humble/install/rqt_gui:/home/ossfun/ros2_humble/install/ros2trace:/home/ossfun/ros2_humble/install/ros2topic:/home/ossfun/ros2_humble/install/ros2test:/home/ossfun/ros2_humble/install/ros2component:/home/ossfun/ros2_humble/install/ros2param:/home/ossfun/ros2_humble/install/ros2lifecycle:/home/ossfun/ros2_humble/install/ros2service:/home/ossfun/ros2_humble/install/ros2run:/home/ossfun/ros2_humble/install/ros2launch:/home/ossfun/ros2_humble/install/ros2pkg:/home/ossfun/ros2_humble/install/ros2node:/home/ossfun/ros2_humble/install/ros2multicast:/home/ossfun/ros2_humble/install/ros2interface:/home/ossfun/ros2_humble/install/ros2doctor:/home/ossfun/ros2_humble/install/ros2action:/home/ossfun/ros2_humble/install/ros2cli:/home/ossfun/ros2_humble/install/quality_of_service_demo_py:/home/ossfun/ros2_humble/install/lifecycle_py:/home/ossfun/ros2_humble/install/launch_testing_ros:/home/ossfun/ros2_humble/install/launch_ros:/home/ossfun/ros2_humble/install/examples_rclpy_pointcloud_publisher:/home/ossfun/ros2_humble/install/examples_rclpy_minimal_subscriber:/home/ossfun/ros2_humble/install/examples_rclpy_minimal_service:/home/ossfun/ros2_humble/install/examples_rclpy_minimal_publisher:/home/ossfun/ros2_humble/install/examples_rclpy_minimal_client:/home/ossfun/ros2_humble/install/examples_rclpy_minimal_action_server:/home/ossfun/ros2_humble/install/examples_rclpy_minimal_action_client:/home/ossfun/ros2_humble/install/examples_rclpy_guard_conditions:/home/ossfun/ros2_humble/install/examples_rclpy_executors:/home/ossfun/ros2_humble/install/demo_nodes_py:/home/ossfun/ros2_humble/install/action_tutorials_py:/home/ossfun/ros2_humble/install/ament_uncrustify:/home/ossfun/ros2_humble/install/tracetools_trace:/home/ossfun/ros2_humble/install/tracetools_read:/home/ossfun/ros2_humble/install/test_tracetools_launch:/home/ossfun/ros2_humble/install/test_launch_ros:/home/ossfun/ros2_humble/install/sensor_msgs_py:/home/ossfun/ros2_humble/install/rpyutils:/home/ossfun/ros2_humble/install/rosidl_runtime_py:/home/ossfun/ros2_humble/install/rosidl_cli:/home/ossfun/ros2_humble/install/launch_pytest:/home/ossfun/ros2_humble/install/launch_testing:/home/ossfun/ros2_humble/install/launch_yaml:/home/ossfun/ros2_humble/install/launch_xml:/home/ossfun/ros2_humble/install/launch:/home/ossfun/ros2_humble/install/osrf_pycommon:/home/ossfun/ros2_humble/install/launch_testing_examples:/home/ossfun/ros2_humble/install/domain_coordinator:/home/ossfun/ros2_humble/install/ament_xmllint:/home/ossfun/ros2_humble/install/ament_pyflakes:/home/ossfun/ros2_humble/install/ament_pycodestyle:/home/ossfun/ros2_humble/install/ament_pep257:/home/ossfun/ros2_humble/install/ament_pclint:/home/ossfun/ros2_humble/install/ament_package:/home/ossfun/ros2_humble/install/ament_mypy:/home/ossfun/ros2_humble/install/ament_lint_cmake:/home/ossfun/ros2_humble/install/ament_flake8:/home/ossfun/ros2_humble/install/ament_copyright:/home/ossfun/ros2_humble/install/ament_lint:/home/ossfun/ros2_humble/install/ament_index_python:/home/ossfun/ros2_humble/install/ament_cpplint:/home/ossfun/ros2_humble/install/ament_cppcheck:/home/ossfun/ros2_humble/install/ament_clang_tidy:/home/ossfun/ros2_humble/install/ament_clang_format /usr/bin/cmake --build /home/ossfun/study/aoi-turtlebot3_ws/ros2_ws/src/build/turtlebot3_gazebo -- -j16 -l16
[5.447s] [ 50%] [32mBuilding CXX object CMakeFiles/obstacles.dir/models/turtlebot3_dqn_world/obstacle_plugin/obstacles.cc.o[0m
[5.447s] [ 50%] [32mBuilding CXX object CMakeFiles/obstacle2.dir/models/turtlebot3_dqn_world/obstacle_plugin/obstacle2.cc.o[0m
[5.447s] [ 50%] [32mBuilding CXX object CMakeFiles/obstacle1.dir/models/turtlebot3_dqn_world/obstacle_plugin/obstacle1.cc.o[0m
[5.448s] [ 50%] [32mBuilding CXX object CMakeFiles/turtlebot3_drive.dir/src/turtlebot3_drive.cpp.o[0m
[15.105s] [ 62%] [32m[1mLinking CXX shared library libobstacle1.so[0m
[15.208s] [ 75%] [32m[1mLinking CXX shared library libobstacles.so[0m
[15.248s] [ 87%] [32m[1mLinking CXX shared library libobstacle2.so[0m
[15.341s] [ 87%] Built target obstacle1
[15.431s] [ 87%] Built target obstacles
[15.447s] [ 87%] Built target obstacle2
[15.835s] [100%] [32m[1mLinking CXX executable turtlebot3_drive[0m
[16.575s] [100%] Built target turtlebot3_drive
[16.588s] Invoked command in '/home/ossfun/study/aoi-turtlebot3_ws/ros2_ws/src/build/turtlebot3_gazebo' returned '0': CMAKE_PREFIX_PATH=${CMAKE_PREFIX_PATH}:/home/ossfun/turtlebot3_ws/install/turtlebot3_teleop:/home/ossfun/turtlebot3_ws/install/turtlebot3_example:/opt/ros/humble:/home/ossfun/ros2_humble/install/rqt_bag_plugins:/home/ossfun/ros2_humble/install/rqt_bag:/home/ossfun/ros2_humble/install/ros2bag:/home/ossfun/ros2_humble/install/tracetools_test:/home/ossfun/ros2_humble/install/tracetools_launch:/home/ossfun/ros2_humble/install/topic_monitor:/home/ossfun/ros2_humble/install/tf2_tools:/home/ossfun/ros2_humble/install/examples_tf2_py:/home/ossfun/ros2_humble/install/tf2_ros_py:/home/ossfun/ros2_humble/install/sros2:/home/ossfun/ros2_humble/install/rqt_topic:/home/ossfun/ros2_humble/install/rqt_srv:/home/ossfun/ros2_humble/install/rqt_shell:/home/ossfun/ros2_humble/install/rqt_service_caller:/home/ossfun/ros2_humble/install/rqt_reconfigure:/home/ossfun/ros2_humble/install/rqt_py_console:/home/ossfun/ros2_humble/install/rqt_publisher:/home/ossfun/ros2_humble/install/rqt_plot:/home/ossfun/ros2_humble/install/rqt_action:/home/ossfun/ros2_humble/install/rqt_msg:/home/ossfun/ros2_humble/install/rqt_console:/home/ossfun/ros2_humble/install/rqt:/home/ossfun/ros2_humble/install/rqt_graph:/home/ossfun/ros2_humble/install/rqt_gui_py:/home/ossfun/ros2_humble/install/rqt_gui:/home/ossfun/ros2_humble/install/ros2trace:/home/ossfun/ros2_humble/install/ros2topic:/home/ossfun/ros2_humble/install/ros2test:/home/ossfun/ros2_humble/install/ros2component:/home/ossfun/ros2_humble/install/ros2param:/home/ossfun/ros2_humble/install/ros2lifecycle:/home/ossfun/ros2_humble/install/ros2service:/home/ossfun/ros2_humble/install/ros2run:/home/ossfun/ros2_humble/install/ros2launch:/home/ossfun/ros2_humble/install/ros2pkg:/home/ossfun/ros2_humble/install/ros2node:/home/ossfun/ros2_humble/install/ros2multicast:/home/ossfun/ros2_humble/install/ros2interface:/home/ossfun/ros2_humble/install/ros2doctor:/home/ossfun/ros2_humble/install/ros2action:/home/ossfun/ros2_humble/install/ros2cli:/home/ossfun/ros2_humble/install/quality_of_service_demo_py:/home/ossfun/ros2_humble/install/lifecycle_py:/home/ossfun/ros2_humble/install/launch_testing_ros:/home/ossfun/ros2_humble/install/launch_ros:/home/ossfun/ros2_humble/install/examples_rclpy_pointcloud_publisher:/home/ossfun/ros2_humble/install/examples_rclpy_minimal_subscriber:/home/ossfun/ros2_humble/install/examples_rclpy_minimal_service:/home/ossfun/ros2_humble/install/examples_rclpy_minimal_publisher:/home/ossfun/ros2_humble/install/examples_rclpy_minimal_client:/home/ossfun/ros2_humble/install/examples_rclpy_minimal_action_server:/home/ossfun/ros2_humble/install/examples_rclpy_minimal_action_client:/home/ossfun/ros2_humble/install/examples_rclpy_guard_conditions:/home/ossfun/ros2_humble/install/examples_rclpy_executors:/home/ossfun/ros2_humble/install/demo_nodes_py:/home/ossfun/ros2_humble/install/action_tutorials_py:/home/ossfun/ros2_humble/install/ament_uncrustify:/home/ossfun/ros2_humble/install/tracetools_trace:/home/ossfun/ros2_humble/install/tracetools_read:/home/ossfun/ros2_humble/install/test_tracetools_launch:/home/ossfun/ros2_humble/install/test_launch_ros:/home/ossfun/ros2_humble/install/sensor_msgs_py:/home/ossfun/ros2_humble/install/rpyutils:/home/ossfun/ros2_humble/install/rosidl_runtime_py:/home/ossfun/ros2_humble/install/rosidl_cli:/home/ossfun/ros2_humble/install/launch_pytest:/home/ossfun/ros2_humble/install/launch_testing:/home/ossfun/ros2_humble/install/launch_yaml:/home/ossfun/ros2_humble/install/launch_xml:/home/ossfun/ros2_humble/install/launch:/home/ossfun/ros2_humble/install/osrf_pycommon:/home/ossfun/ros2_humble/install/launch_testing_examples:/home/ossfun/ros2_humble/install/domain_coordinator:/home/ossfun/ros2_humble/install/ament_xmllint:/home/ossfun/ros2_humble/install/ament_pyflakes:/home/ossfun/ros2_humble/install/ament_pycodestyle:/home/ossfun/ros2_humble/install/ament_pep257:/home/ossfun/ros2_humble/install/ament_pclint:/home/ossfun/ros2_humble/install/ament_package:/home/ossfun/ros2_humble/install/ament_mypy:/home/ossfun/ros2_humble/install/ament_lint_cmake:/home/ossfun/ros2_humble/install/ament_flake8:/home/ossfun/ros2_humble/install/ament_copyright:/home/ossfun/ros2_humble/install/ament_lint:/home/ossfun/ros2_humble/install/ament_index_python:/home/ossfun/ros2_humble/install/ament_cpplint:/home/ossfun/ros2_humble/install/ament_cppcheck:/home/ossfun/ros2_humble/install/ament_clang_tidy:/home/ossfun/ros2_humble/install/ament_clang_format /usr/bin/cmake --build /home/ossfun/study/aoi-turtlebot3_ws/ros2_ws/src/build/turtlebot3_gazebo -- -j16 -l16
[16.658s] Invoking command in '/home/ossfun/study/aoi-turtlebot3_ws/ros2_ws/src/build/turtlebot3_gazebo': CMAKE_PREFIX_PATH=${CMAKE_PREFIX_PATH}:/home/ossfun/turtlebot3_ws/install/turtlebot3_teleop:/home/ossfun/turtlebot3_ws/install/turtlebot3_example:/opt/ros/humble:/home/ossfun/ros2_humble/install/rqt_bag_plugins:/home/ossfun/ros2_humble/install/rqt_bag:/home/ossfun/ros2_humble/install/ros2bag:/home/ossfun/ros2_humble/install/tracetools_test:/home/ossfun/ros2_humble/install/tracetools_launch:/home/ossfun/ros2_humble/install/topic_monitor:/home/ossfun/ros2_humble/install/tf2_tools:/home/ossfun/ros2_humble/install/examples_tf2_py:/home/ossfun/ros2_humble/install/tf2_ros_py:/home/ossfun/ros2_humble/install/sros2:/home/ossfun/ros2_humble/install/rqt_topic:/home/ossfun/ros2_humble/install/rqt_srv:/home/ossfun/ros2_humble/install/rqt_shell:/home/ossfun/ros2_humble/install/rqt_service_caller:/home/ossfun/ros2_humble/install/rqt_reconfigure:/home/ossfun/ros2_humble/install/rqt_py_console:/home/ossfun/ros2_humble/install/rqt_publisher:/home/ossfun/ros2_humble/install/rqt_plot:/home/ossfun/ros2_humble/install/rqt_action:/home/ossfun/ros2_humble/install/rqt_msg:/home/ossfun/ros2_humble/install/rqt_console:/home/ossfun/ros2_humble/install/rqt:/home/ossfun/ros2_humble/install/rqt_graph:/home/ossfun/ros2_humble/install/rqt_gui_py:/home/ossfun/ros2_humble/install/rqt_gui:/home/ossfun/ros2_humble/install/ros2trace:/home/ossfun/ros2_humble/install/ros2topic:/home/ossfun/ros2_humble/install/ros2test:/home/ossfun/ros2_humble/install/ros2component:/home/ossfun/ros2_humble/install/ros2param:/home/ossfun/ros2_humble/install/ros2lifecycle:/home/ossfun/ros2_humble/install/ros2service:/home/ossfun/ros2_humble/install/ros2run:/home/ossfun/ros2_humble/install/ros2launch:/home/ossfun/ros2_humble/install/ros2pkg:/home/ossfun/ros2_humble/install/ros2node:/home/ossfun/ros2_humble/install/ros2multicast:/home/ossfun/ros2_humble/install/ros2interface:/home/ossfun/ros2_humble/install/ros2doctor:/home/ossfun/ros2_humble/install/ros2action:/home/ossfun/ros2_humble/install/ros2cli:/home/ossfun/ros2_humble/install/quality_of_service_demo_py:/home/ossfun/ros2_humble/install/lifecycle_py:/home/ossfun/ros2_humble/install/launch_testing_ros:/home/ossfun/ros2_humble/install/launch_ros:/home/ossfun/ros2_humble/install/examples_rclpy_pointcloud_publisher:/home/ossfun/ros2_humble/install/examples_rclpy_minimal_subscriber:/home/ossfun/ros2_humble/install/examples_rclpy_minimal_service:/home/ossfun/ros2_humble/install/examples_rclpy_minimal_publisher:/home/ossfun/ros2_humble/install/examples_rclpy_minimal_client:/home/ossfun/ros2_humble/install/examples_rclpy_minimal_action_server:/home/ossfun/ros2_humble/install/examples_rclpy_minimal_action_client:/home/ossfun/ros2_humble/install/examples_rclpy_guard_conditions:/home/ossfun/ros2_humble/install/examples_rclpy_executors:/home/ossfun/ros2_humble/install/demo_nodes_py:/home/ossfun/ros2_humble/install/action_tutorials_py:/home/ossfun/ros2_humble/install/ament_uncrustify:/home/ossfun/ros2_humble/install/tracetools_trace:/home/ossfun/ros2_humble/install/tracetools_read:/home/ossfun/ros2_humble/install/test_tracetools_launch:/home/ossfun/ros2_humble/install/test_launch_ros:/home/ossfun/ros2_humble/install/sensor_msgs_py:/home/ossfun/ros2_humble/install/rpyutils:/home/ossfun/ros2_humble/install/rosidl_runtime_py:/home/ossfun/ros2_humble/install/rosidl_cli:/home/ossfun/ros2_humble/install/launch_pytest:/home/ossfun/ros2_humble/install/launch_testing:/home/ossfun/ros2_humble/install/launch_yaml:/home/ossfun/ros2_humble/install/launch_xml:/home/ossfun/ros2_humble/install/launch:/home/ossfun/ros2_humble/install/osrf_pycommon:/home/ossfun/ros2_humble/install/launch_testing_examples:/home/ossfun/ros2_humble/install/domain_coordinator:/home/ossfun/ros2_humble/install/ament_xmllint:/home/ossfun/ros2_humble/install/ament_pyflakes:/home/ossfun/ros2_humble/install/ament_pycodestyle:/home/ossfun/ros2_humble/install/ament_pep257:/home/ossfun/ros2_humble/install/ament_pclint:/home/ossfun/ros2_humble/install/ament_package:/home/ossfun/ros2_humble/install/ament_mypy:/home/ossfun/ros2_humble/install/ament_lint_cmake:/home/ossfun/ros2_humble/install/ament_flake8:/home/ossfun/ros2_humble/install/ament_copyright:/home/ossfun/ros2_humble/install/ament_lint:/home/ossfun/ros2_humble/install/ament_index_python:/home/ossfun/ros2_humble/install/ament_cpplint:/home/ossfun/ros2_humble/install/ament_cppcheck:/home/ossfun/ros2_humble/install/ament_clang_tidy:/home/ossfun/ros2_humble/install/ament_clang_format /usr/bin/cmake --install /home/ossfun/study/aoi-turtlebot3_ws/ros2_ws/src/build/turtlebot3_gazebo
[16.668s] -- Install configuration: ""
[16.668s] -- Execute custom install script
[16.668s] -- Symlinking: /home/ossfun/study/aoi-turtlebot3_ws/ros2_ws/src/install/turtlebot3_gazebo/lib/turtlebot3_gazebo/turtlebot3_drive
[16.680s] -- Symlinking: /home/ossfun/study/aoi-turtlebot3_ws/ros2_ws/src/install/turtlebot3_gazebo/share/turtlebot3_gazebo//launch/empty_world.launch.py
[16.691s] -- Symlinking: /home/ossfun/study/aoi-turtlebot3_ws/ros2_ws/src/install/turtlebot3_gazebo/share/turtlebot3_gazebo//launch/robot_state_publisher.launch.py
[16.702s] -- Symlinking: /home/ossfun/study/aoi-turtlebot3_ws/ros2_ws/src/install/turtlebot3_gazebo/share/turtlebot3_gazebo//launch/spawn_turtlebot3.launch.py
[16.714s] -- Symlinking: /home/ossfun/study/aoi-turtlebot3_ws/ros2_ws/src/install/turtlebot3_gazebo/share/turtlebot3_gazebo//launch/turtlebot3_dqn_stage1.launch.py
[16.726s] -- Symlinking: /home/ossfun/study/aoi-turtlebot3_ws/ros2_ws/src/install/turtlebot3_gazebo/share/turtlebot3_gazebo//launch/turtlebot3_dqn_stage2.launch.py
[16.738s] -- Symlinking: /home/ossfun/study/aoi-turtlebot3_ws/ros2_ws/src/install/turtlebot3_gazebo/share/turtlebot3_gazebo//launch/turtlebot3_dqn_stage3.launch.py
[16.749s] -- Symlinking: /home/ossfun/study/aoi-turtlebot3_ws/ros2_ws/src/install/turtlebot3_gazebo/share/turtlebot3_gazebo//launch/turtlebot3_dqn_stage4.launch.py
[16.760s] -- Symlinking: /home/ossfun/study/aoi-turtlebot3_ws/ros2_ws/src/install/turtlebot3_gazebo/share/turtlebot3_gazebo//launch/turtlebot3_house.launch.py
[16.773s] -- Symlinking: /home/ossfun/study/aoi-turtlebot3_ws/ros2_ws/src/install/turtlebot3_gazebo/share/turtlebot3_gazebo//launch/turtlebot3_world.launch.py
[16.784s] -- Symlinking: /home/ossfun/study/aoi-turtlebot3_ws/ros2_ws/src/install/turtlebot3_gazebo/share/turtlebot3_gazebo//models/turtlebot3_burger/model-1_4.sdf
[16.795s] -- Symlinking: /home/ossfun/study/aoi-turtlebot3_ws/ros2_ws/src/install/turtlebot3_gazebo/share/turtlebot3_gazebo//models/turtlebot3_burger/model.config
[16.806s] -- Symlinking: /home/ossfun/study/aoi-turtlebot3_ws/ros2_ws/src/install/turtlebot3_gazebo/share/turtlebot3_gazebo//models/turtlebot3_burger/model.sdf
[16.816s] -- Symlinking: /home/ossfun/study/aoi-turtlebot3_ws/ros2_ws/src/install/turtlebot3_gazebo/share/turtlebot3_gazebo//models/turtlebot3_common/meshes/burger_base.dae
[16.828s] -- Symlinking: /home/ossfun/study/aoi-turtlebot3_ws/ros2_ws/src/install/turtlebot3_gazebo/share/turtlebot3_gazebo//models/turtlebot3_common/meshes/lds.dae
[16.840s] -- Symlinking: /home/ossfun/study/aoi-turtlebot3_ws/ros2_ws/src/install/turtlebot3_gazebo/share/turtlebot3_gazebo//models/turtlebot3_common/meshes/r200.dae
[16.850s] -- Symlinking: /home/ossfun/study/aoi-turtlebot3_ws/ros2_ws/src/install/turtlebot3_gazebo/share/turtlebot3_gazebo//models/turtlebot3_common/meshes/tire.dae
[16.862s] -- Symlinking: /home/ossfun/study/aoi-turtlebot3_ws/ros2_ws/src/install/turtlebot3_gazebo/share/turtlebot3_gazebo//models/turtlebot3_common/meshes/waffle_base.dae
[16.875s] -- Symlinking: /home/ossfun/study/aoi-turtlebot3_ws/ros2_ws/src/install/turtlebot3_gazebo/share/turtlebot3_gazebo//models/turtlebot3_common/meshes/waffle_pi_base.dae
[16.886s] -- Symlinking: /home/ossfun/study/aoi-turtlebot3_ws/ros2_ws/src/install/turtlebot3_gazebo/share/turtlebot3_gazebo//models/turtlebot3_common/model.config
[16.898s] -- Symlinking: /home/ossfun/study/aoi-turtlebot3_ws/ros2_ws/src/install/turtlebot3_gazebo/share/turtlebot3_gazebo//models/turtlebot3_dqn_world/goal_box/model.config
[16.910s] -- Symlinking: /home/ossfun/study/aoi-turtlebot3_ws/ros2_ws/src/install/turtlebot3_gazebo/share/turtlebot3_gazebo//models/turtlebot3_dqn_world/goal_box/model.sdf
[16.921s] -- Symlinking: /home/ossfun/study/aoi-turtlebot3_ws/ros2_ws/src/install/turtlebot3_gazebo/share/turtlebot3_gazebo//models/turtlebot3_dqn_world/inner_walls/model.config
[16.933s] -- Symlinking: /home/ossfun/study/aoi-turtlebot3_ws/ros2_ws/src/install/turtlebot3_gazebo/share/turtlebot3_gazebo//models/turtlebot3_dqn_world/inner_walls/model.sdf
[16.944s] -- Symlinking: /home/ossfun/study/aoi-turtlebot3_ws/ros2_ws/src/install/turtlebot3_gazebo/share/turtlebot3_gazebo//models/turtlebot3_dqn_world/model.config
[16.955s] -- Symlinking: /home/ossfun/study/aoi-turtlebot3_ws/ros2_ws/src/install/turtlebot3_gazebo/share/turtlebot3_gazebo//models/turtlebot3_dqn_world/model.sdf
[16.966s] -- Symlinking: /home/ossfun/study/aoi-turtlebot3_ws/ros2_ws/src/install/turtlebot3_gazebo/share/turtlebot3_gazebo//models/turtlebot3_dqn_world/obstacle1/model.config
[16.977s] -- Symlinking: /home/ossfun/study/aoi-turtlebot3_ws/ros2_ws/src/install/turtlebot3_gazebo/share/turtlebot3_gazebo//models/turtlebot3_dqn_world/obstacle1/model.sdf
[16.989s] -- Symlinking: /home/ossfun/study/aoi-turtlebot3_ws/ros2_ws/src/install/turtlebot3_gazebo/share/turtlebot3_gazebo//models/turtlebot3_dqn_world/obstacle2/model.config
[17.001s] -- Symlinking: /home/ossfun/study/aoi-turtlebot3_ws/ros2_ws/src/install/turtlebot3_gazebo/share/turtlebot3_gazebo//models/turtlebot3_dqn_world/obstacle2/model.sdf
[17.013s] -- Symlinking: /home/ossfun/study/aoi-turtlebot3_ws/ros2_ws/src/install/turtlebot3_gazebo/share/turtlebot3_gazebo//models/turtlebot3_dqn_world/obstacle_plugin/CMakeLists.txt
[17.024s] -- Symlinking: /home/ossfun/study/aoi-turtlebot3_ws/ros2_ws/src/install/turtlebot3_gazebo/share/turtlebot3_gazebo//models/turtlebot3_dqn_world/obstacle_plugin/obstacle1.cc
[17.035s] -- Symlinking: /home/ossfun/study/aoi-turtlebot3_ws/ros2_ws/src/install/turtlebot3_gazebo/share/turtlebot3_gazebo//models/turtlebot3_dqn_world/obstacle_plugin/obstacle2.cc
[17.046s] -- Symlinking: /home/ossfun/study/aoi-turtlebot3_ws/ros2_ws/src/install/turtlebot3_gazebo/share/turtlebot3_gazebo//models/turtlebot3_dqn_world/obstacle_plugin/obstacles.cc
[17.057s] -- Symlinking: /home/ossfun/study/aoi-turtlebot3_ws/ros2_ws/src/install/turtlebot3_gazebo/share/turtlebot3_gazebo//models/turtlebot3_dqn_world/obstacles/model.config
[17.068s] -- Symlinking: /home/ossfun/study/aoi-turtlebot3_ws/ros2_ws/src/install/turtlebot3_gazebo/share/turtlebot3_gazebo//models/turtlebot3_dqn_world/obstacles/model.sdf
[17.080s] -- Symlinking: /home/ossfun/study/aoi-turtlebot3_ws/ros2_ws/src/install/turtlebot3_gazebo/share/turtlebot3_gazebo//models/turtlebot3_house/model.config
[17.091s] -- Symlinking: /home/ossfun/study/aoi-turtlebot3_ws/ros2_ws/src/install/turtlebot3_gazebo/share/turtlebot3_gazebo//models/turtlebot3_house/model.sdf
[17.102s] -- Symlinking: /home/ossfun/study/aoi-turtlebot3_ws/ros2_ws/src/install/turtlebot3_gazebo/share/turtlebot3_gazebo//models/turtlebot3_waffle/model-1_4.sdf
[17.113s] -- Symlinking: /home/ossfun/study/aoi-turtlebot3_ws/ros2_ws/src/install/turtlebot3_gazebo/share/turtlebot3_gazebo//models/turtlebot3_waffle/model.config
[17.126s] -- Symlinking: /home/ossfun/study/aoi-turtlebot3_ws/ros2_ws/src/install/turtlebot3_gazebo/share/turtlebot3_gazebo//models/turtlebot3_waffle/model.sdf
[17.137s] -- Symlinking: /home/ossfun/study/aoi-turtlebot3_ws/ros2_ws/src/install/turtlebot3_gazebo/share/turtlebot3_gazebo//models/turtlebot3_waffle_pi/model-1_4_.sdf
[17.149s] -- Symlinking: /home/ossfun/study/aoi-turtlebot3_ws/ros2_ws/src/install/turtlebot3_gazebo/share/turtlebot3_gazebo//models/turtlebot3_waffle_pi/model.config
[17.161s] -- Symlinking: /home/ossfun/study/aoi-turtlebot3_ws/ros2_ws/src/install/turtlebot3_gazebo/share/turtlebot3_gazebo//models/turtlebot3_waffle_pi/model.sdf
[17.173s] -- Symlinking: /home/ossfun/study/aoi-turtlebot3_ws/ros2_ws/src/install/turtlebot3_gazebo/share/turtlebot3_gazebo//models/turtlebot3_world/meshes/hexagon.dae
[17.184s] -- Symlinking: /home/ossfun/study/aoi-turtlebot3_ws/ros2_ws/src/install/turtlebot3_gazebo/share/turtlebot3_gazebo//models/turtlebot3_world/meshes/wall.dae
[17.196s] -- Symlinking: /home/ossfun/study/aoi-turtlebot3_ws/ros2_ws/src/install/turtlebot3_gazebo/share/turtlebot3_gazebo//models/turtlebot3_world/model-1_4.sdf
[17.207s] -- Symlinking: /home/ossfun/study/aoi-turtlebot3_ws/ros2_ws/src/install/turtlebot3_gazebo/share/turtlebot3_gazebo//models/turtlebot3_world/model.config
[17.219s] -- Symlinking: /home/ossfun/study/aoi-turtlebot3_ws/ros2_ws/src/install/turtlebot3_gazebo/share/turtlebot3_gazebo//models/turtlebot3_world/model.sdf
[17.230s] -- Symlinking: /home/ossfun/study/aoi-turtlebot3_ws/ros2_ws/src/install/turtlebot3_gazebo/share/turtlebot3_gazebo//rviz/tb3_gazebo.rviz
[17.241s] -- Symlinking: /home/ossfun/study/aoi-turtlebot3_ws/ros2_ws/src/install/turtlebot3_gazebo/share/turtlebot3_gazebo//urdf/common_properties.urdf
[17.253s] -- Symlinking: /home/ossfun/study/aoi-turtlebot3_ws/ros2_ws/src/install/turtlebot3_gazebo/share/turtlebot3_gazebo//urdf/turtlebot3_burger.urdf
[17.264s] -- Symlinking: /home/ossfun/study/aoi-turtlebot3_ws/ros2_ws/src/install/turtlebot3_gazebo/share/turtlebot3_gazebo//urdf/turtlebot3_waffle.urdf
[17.275s] -- Symlinking: /home/ossfun/study/aoi-turtlebot3_ws/ros2_ws/src/install/turtlebot3_gazebo/share/turtlebot3_gazebo//urdf/turtlebot3_waffle_pi.urdf
[17.286s] -- Symlinking: /home/ossfun/study/aoi-turtlebot3_ws/ros2_ws/src/install/turtlebot3_gazebo/share/turtlebot3_gazebo//worlds/empty_world.world
[17.297s] -- Symlinking: /home/ossfun/study/aoi-turtlebot3_ws/ros2_ws/src/install/turtlebot3_gazebo/share/turtlebot3_gazebo//worlds/turtlebot3_dqn_stage1.world
[17.309s] -- Symlinking: /home/ossfun/study/aoi-turtlebot3_ws/ros2_ws/src/install/turtlebot3_gazebo/share/turtlebot3_gazebo//worlds/turtlebot3_dqn_stage2.world
[17.321s] -- Symlinking: /home/ossfun/study/aoi-turtlebot3_ws/ros2_ws/src/install/turtlebot3_gazebo/share/turtlebot3_gazebo//worlds/turtlebot3_dqn_stage3.world
[17.333s] -- Symlinking: /home/ossfun/study/aoi-turtlebot3_ws/ros2_ws/src/install/turtlebot3_gazebo/share/turtlebot3_gazebo//worlds/turtlebot3_dqn_stage4.world
[17.345s] -- Symlinking: /home/ossfun/study/aoi-turtlebot3_ws/ros2_ws/src/install/turtlebot3_gazebo/share/turtlebot3_gazebo//worlds/turtlebot3_house.world
[17.356s] -- Symlinking: /home/ossfun/study/aoi-turtlebot3_ws/ros2_ws/src/install/turtlebot3_gazebo/share/turtlebot3_gazebo//worlds/turtlebot3_world.world
[17.369s] -- Symlinking: /home/ossfun/study/aoi-turtlebot3_ws/ros2_ws/src/install/turtlebot3_gazebo/include//turtlebot3_gazebo/turtlebot3_drive.hpp
[17.382s] -- Symlinking: /home/ossfun/study/aoi-turtlebot3_ws/ros2_ws/src/install/turtlebot3_gazebo/share/ament_index/resource_index/package_run_dependencies/turtlebot3_gazebo
[17.393s] -- Symlinking: /home/ossfun/study/aoi-turtlebot3_ws/ros2_ws/src/install/turtlebot3_gazebo/share/ament_index/resource_index/parent_prefix_path/turtlebot3_gazebo
[17.405s] -- Symlinking: /home/ossfun/study/aoi-turtlebot3_ws/ros2_ws/src/install/turtlebot3_gazebo/share/turtlebot3_gazebo/environment/ament_prefix_path.sh
[17.416s] -- Symlinking: /home/ossfun/study/aoi-turtlebot3_ws/ros2_ws/src/install/turtlebot3_gazebo/share/turtlebot3_gazebo/environment/ament_prefix_path.dsv
[17.428s] -- Symlinking: /home/ossfun/study/aoi-turtlebot3_ws/ros2_ws/src/install/turtlebot3_gazebo/share/turtlebot3_gazebo/environment/path.sh
[17.440s] -- Symlinking: /home/ossfun/study/aoi-turtlebot3_ws/ros2_ws/src/install/turtlebot3_gazebo/share/turtlebot3_gazebo/environment/path.dsv
[17.451s] -- Symlinking: /home/ossfun/study/aoi-turtlebot3_ws/ros2_ws/src/install/turtlebot3_gazebo/share/turtlebot3_gazebo/local_setup.bash
[17.463s] -- Symlinking: /home/ossfun/study/aoi-turtlebot3_ws/ros2_ws/src/install/turtlebot3_gazebo/share/turtlebot3_gazebo/local_setup.sh
[17.475s] -- Symlinking: /home/ossfun/study/aoi-turtlebot3_ws/ros2_ws/src/install/turtlebot3_gazebo/share/turtlebot3_gazebo/local_setup.zsh
[17.486s] -- Symlinking: /home/ossfun/study/aoi-turtlebot3_ws/ros2_ws/src/install/turtlebot3_gazebo/share/turtlebot3_gazebo/local_setup.dsv
[17.497s] -- Symlinking: /home/ossfun/study/aoi-turtlebot3_ws/ros2_ws/src/install/turtlebot3_gazebo/share/turtlebot3_gazebo/package.dsv
[17.509s] -- Symlinking: /home/ossfun/study/aoi-turtlebot3_ws/ros2_ws/src/install/turtlebot3_gazebo/share/ament_index/resource_index/packages/turtlebot3_gazebo
[17.520s] -- Symlinking: /home/ossfun/study/aoi-turtlebot3_ws/ros2_ws/src/install/turtlebot3_gazebo/share/turtlebot3_gazebo/cmake/ament_cmake_export_include_directories-extras.cmake
[17.531s] -- Symlinking: /home/ossfun/study/aoi-turtlebot3_ws/ros2_ws/src/install/turtlebot3_gazebo/share/turtlebot3_gazebo/cmake/ament_cmake_export_dependencies-extras.cmake
[17.544s] -- Symlinking: /home/ossfun/study/aoi-turtlebot3_ws/ros2_ws/src/install/turtlebot3_gazebo/share/turtlebot3_gazebo/cmake/turtlebot3_gazeboConfig.cmake
[17.555s] -- Symlinking: /home/ossfun/study/aoi-turtlebot3_ws/ros2_ws/src/install/turtlebot3_gazebo/share/turtlebot3_gazebo/cmake/turtlebot3_gazeboConfig-version.cmake
[17.566s] -- Symlinking: /home/ossfun/study/aoi-turtlebot3_ws/ros2_ws/src/install/turtlebot3_gazebo/share/turtlebot3_gazebo/package.xml
[17.578s] Invoked command in '/home/ossfun/study/aoi-turtlebot3_ws/ros2_ws/src/build/turtlebot3_gazebo' returned '0': CMAKE_PREFIX_PATH=${CMAKE_PREFIX_PATH}:/home/ossfun/turtlebot3_ws/install/turtlebot3_teleop:/home/ossfun/turtlebot3_ws/install/turtlebot3_example:/opt/ros/humble:/home/ossfun/ros2_humble/install/rqt_bag_plugins:/home/ossfun/ros2_humble/install/rqt_bag:/home/ossfun/ros2_humble/install/ros2bag:/home/ossfun/ros2_humble/install/tracetools_test:/home/ossfun/ros2_humble/install/tracetools_launch:/home/ossfun/ros2_humble/install/topic_monitor:/home/ossfun/ros2_humble/install/tf2_tools:/home/ossfun/ros2_humble/install/examples_tf2_py:/home/ossfun/ros2_humble/install/tf2_ros_py:/home/ossfun/ros2_humble/install/sros2:/home/ossfun/ros2_humble/install/rqt_topic:/home/ossfun/ros2_humble/install/rqt_srv:/home/ossfun/ros2_humble/install/rqt_shell:/home/ossfun/ros2_humble/install/rqt_service_caller:/home/ossfun/ros2_humble/install/rqt_reconfigure:/home/ossfun/ros2_humble/install/rqt_py_console:/home/ossfun/ros2_humble/install/rqt_publisher:/home/ossfun/ros2_humble/install/rqt_plot:/home/ossfun/ros2_humble/install/rqt_action:/home/ossfun/ros2_humble/install/rqt_msg:/home/ossfun/ros2_humble/install/rqt_console:/home/ossfun/ros2_humble/install/rqt:/home/ossfun/ros2_humble/install/rqt_graph:/home/ossfun/ros2_humble/install/rqt_gui_py:/home/ossfun/ros2_humble/install/rqt_gui:/home/ossfun/ros2_humble/install/ros2trace:/home/ossfun/ros2_humble/install/ros2topic:/home/ossfun/ros2_humble/install/ros2test:/home/ossfun/ros2_humble/install/ros2component:/home/ossfun/ros2_humble/install/ros2param:/home/ossfun/ros2_humble/install/ros2lifecycle:/home/ossfun/ros2_humble/install/ros2service:/home/ossfun/ros2_humble/install/ros2run:/home/ossfun/ros2_humble/install/ros2launch:/home/ossfun/ros2_humble/install/ros2pkg:/home/ossfun/ros2_humble/install/ros2node:/home/ossfun/ros2_humble/install/ros2multicast:/home/ossfun/ros2_humble/install/ros2interface:/home/ossfun/ros2_humble/install/ros2doctor:/home/ossfun/ros2_humble/install/ros2action:/home/ossfun/ros2_humble/install/ros2cli:/home/ossfun/ros2_humble/install/quality_of_service_demo_py:/home/ossfun/ros2_humble/install/lifecycle_py:/home/ossfun/ros2_humble/install/launch_testing_ros:/home/ossfun/ros2_humble/install/launch_ros:/home/ossfun/ros2_humble/install/examples_rclpy_pointcloud_publisher:/home/ossfun/ros2_humble/install/examples_rclpy_minimal_subscriber:/home/ossfun/ros2_humble/install/examples_rclpy_minimal_service:/home/ossfun/ros2_humble/install/examples_rclpy_minimal_publisher:/home/ossfun/ros2_humble/install/examples_rclpy_minimal_client:/home/ossfun/ros2_humble/install/examples_rclpy_minimal_action_server:/home/ossfun/ros2_humble/install/examples_rclpy_minimal_action_client:/home/ossfun/ros2_humble/install/examples_rclpy_guard_conditions:/home/ossfun/ros2_humble/install/examples_rclpy_executors:/home/ossfun/ros2_humble/install/demo_nodes_py:/home/ossfun/ros2_humble/install/action_tutorials_py:/home/ossfun/ros2_humble/install/ament_uncrustify:/home/ossfun/ros2_humble/install/tracetools_trace:/home/ossfun/ros2_humble/install/tracetools_read:/home/ossfun/ros2_humble/install/test_tracetools_launch:/home/ossfun/ros2_humble/install/test_launch_ros:/home/ossfun/ros2_humble/install/sensor_msgs_py:/home/ossfun/ros2_humble/install/rpyutils:/home/ossfun/ros2_humble/install/rosidl_runtime_py:/home/ossfun/ros2_humble/install/rosidl_cli:/home/ossfun/ros2_humble/install/launch_pytest:/home/ossfun/ros2_humble/install/launch_testing:/home/ossfun/ros2_humble/install/launch_yaml:/home/ossfun/ros2_humble/install/launch_xml:/home/ossfun/ros2_humble/install/launch:/home/ossfun/ros2_humble/install/osrf_pycommon:/home/ossfun/ros2_humble/install/launch_testing_examples:/home/ossfun/ros2_humble/install/domain_coordinator:/home/ossfun/ros2_humble/install/ament_xmllint:/home/ossfun/ros2_humble/install/ament_pyflakes:/home/ossfun/ros2_humble/install/ament_pycodestyle:/home/ossfun/ros2_humble/install/ament_pep257:/home/ossfun/ros2_humble/install/ament_pclint:/home/ossfun/ros2_humble/install/ament_package:/home/ossfun/ros2_humble/install/ament_mypy:/home/ossfun/ros2_humble/install/ament_lint_cmake:/home/ossfun/ros2_humble/install/ament_flake8:/home/ossfun/ros2_humble/install/ament_copyright:/home/ossfun/ros2_humble/install/ament_lint:/home/ossfun/ros2_humble/install/ament_index_python:/home/ossfun/ros2_humble/install/ament_cpplint:/home/ossfun/ros2_humble/install/ament_cppcheck:/home/ossfun/ros2_humble/install/ament_clang_tidy:/home/ossfun/ros2_humble/install/ament_clang_format /usr/bin/cmake --install /home/ossfun/study/aoi-turtlebot3_ws/ros2_ws/src/build/turtlebot3_gazebo
